<?xml version="1.0" encoding="UTF-8"?>
<!-- Generated by org.testng.reporters.JUnitReportReporter -->
<testsuite hostname="LAPTOP-1O88FB98" failures="0" tests="2" name="com.crm.campaign.CreateCampaignFromGenTest" time="12.811" errors="1" timestamp="2022-08-11T15:57:13 IST" skipped="1">
  <testcase classname="com.crm.campaign.CreateCampaignFromGenTest" name="createCampaign" time="0.000">
    <skipped/>
  </testcase> <!-- createCampaign -->
  <system-out/>
  <testcase classname="com.crm.campaign.CreateCampaignFromGenTest" name="BC" time="12.811">
    <error message="session not created
from disconnected: received Inspector.detached event
  (Session info: chrome=104.0.5112.81)
Build info: version: &#039;3.141.59&#039;, revision: &#039;e82be7d358&#039;, time: &#039;2018-11-14T08:17:03&#039;
System info: host: &#039;LAPTOP-1O88FB98&#039;, ip: &#039;192.168.137.1&#039;, os.name: &#039;Windows 10&#039;, os.arch: &#039;amd64&#039;, os.version: &#039;10.0&#039;, java.version: &#039;16.0.1&#039;
Driver info: driver.version: ChromeDriver
remote stacktrace: Backtrace:
	Ordinal0 [0x00A078B3+2193587]
	Ordinal0 [0x009A0681+1771137]
	Ordinal0 [0x008B41A8+803240]
	Ordinal0 [0x008A7E1E+753182]
	Ordinal0 [0x008A7A0F+752143]
	Ordinal0 [0x008A6FAF+749487]
	Ordinal0 [0x008A5E94+745108]
	Ordinal0 [0x008A636D+746349]
	Ordinal0 [0x008A5AA5+744101]
	Ordinal0 [0x008AFD53+785747]
	Ordinal0 [0x008A5A55+744021]
	Ordinal0 [0x008A6B58+748376]
	Ordinal0 [0x008A5E94+745108]
	Ordinal0 [0x008A636D+746349]
	Ordinal0 [0x008A5AA5+744101]
	Ordinal0 [0x008ADA58+776792]
	Ordinal0 [0x008A5A55+744021]
	Ordinal0 [0x008A6B58+748376]
	Ordinal0 [0x008A5E94+745108]
	Ordinal0 [0x008A636D+746349]
	Ordinal0 [0x008A5AA5+744101]
	Ordinal0 [0x008AB452+767058]
	Ordinal0 [0x008A5A55+744021]
	Ordinal0 [0x008A6B58+748376]
	Ordinal0 [0x008A5E94+745108]
	Ordinal0 [0x008A636D+746349]
	Ordinal0 [0x008A5AA5+744101]
	Ordinal0 [0x008A148D+726157]
	Ordinal0 [0x008A5A55+744021]
	Ordinal0 [0x008A57E0+743392]
	Ordinal0 [0x008A5529+742697]
	Ordinal0 [0x008B5500+808192]
	Ordinal0 [0x00903449+1127497]
	Ordinal0 [0x0090200A+1122314]
	Ordinal0 [0x008FD5C6+1103302]
	Ordinal0 [0x008D77E0+948192]
	Ordinal0 [0x008D86E6+952038]
	GetHandleVerifier [0x00CB0CB2+2738370]
	GetHandleVerifier [0x00CA21B8+2678216]
	GetHandleVerifier [0x00A917AA+512954]
	GetHandleVerifier [0x00A90856+509030]
	Ordinal0 [0x009A743B+1799227]
	Ordinal0 [0x009ABB68+1817448]
	Ordinal0 [0x009ABC55+1817685]
	Ordinal0 [0x009B5230+1856048]
	BaseThreadInitThunk [0x76316739+25]
	RtlGetFullPathName_UEx [0x77AC8FEF+1215]
	RtlGetFullPathName_UEx [0x77AC8FBD+1165]
" type="org.openqa.selenium.SessionNotCreatedException">
      <![CDATA[org.openqa.selenium.SessionNotCreatedException: session not created
from disconnected: received Inspector.detached event
  (Session info: chrome=104.0.5112.81)
Build info: version: '3.141.59', revision: 'e82be7d358', time: '2018-11-14T08:17:03'
System info: host: 'LAPTOP-1O88FB98', ip: '192.168.137.1', os.name: 'Windows 10', os.arch: 'amd64', os.version: '10.0', java.version: '16.0.1'
Driver info: driver.version: ChromeDriver
remote stacktrace: Backtrace:
Ordinal0 [0x00A078B3+2193587]
Ordinal0 [0x009A0681+1771137]
Ordinal0 [0x008B41A8+803240]
Ordinal0 [0x008A7E1E+753182]
Ordinal0 [0x008A7A0F+752143]
Ordinal0 [0x008A6FAF+749487]
Ordinal0 [0x008A5E94+745108]
Ordinal0 [0x008A636D+746349]
Ordinal0 [0x008A5AA5+744101]
Ordinal0 [0x008AFD53+785747]
Ordinal0 [0x008A5A55+744021]
Ordinal0 [0x008A6B58+748376]
Ordinal0 [0x008A5E94+745108]
Ordinal0 [0x008A636D+746349]
Ordinal0 [0x008A5AA5+744101]
Ordinal0 [0x008ADA58+776792]
Ordinal0 [0x008A5A55+744021]
Ordinal0 [0x008A6B58+748376]
Ordinal0 [0x008A5E94+745108]
Ordinal0 [0x008A636D+746349]
Ordinal0 [0x008A5AA5+744101]
Ordinal0 [0x008AB452+767058]
Ordinal0 [0x008A5A55+744021]
Ordinal0 [0x008A6B58+748376]
Ordinal0 [0x008A5E94+745108]
Ordinal0 [0x008A636D+746349]
Ordinal0 [0x008A5AA5+744101]
Ordinal0 [0x008A148D+726157]
Ordinal0 [0x008A5A55+744021]
Ordinal0 [0x008A57E0+743392]
Ordinal0 [0x008A5529+742697]
Ordinal0 [0x008B5500+808192]
Ordinal0 [0x00903449+1127497]
Ordinal0 [0x0090200A+1122314]
Ordinal0 [0x008FD5C6+1103302]
Ordinal0 [0x008D77E0+948192]
Ordinal0 [0x008D86E6+952038]
GetHandleVerifier [0x00CB0CB2+2738370]
GetHandleVerifier [0x00CA21B8+2678216]
GetHandleVerifier [0x00A917AA+512954]
GetHandleVerifier [0x00A90856+509030]
Ordinal0 [0x009A743B+1799227]
Ordinal0 [0x009ABB68+1817448]
Ordinal0 [0x009ABC55+1817685]
Ordinal0 [0x009B5230+1856048]
BaseThreadInitThunk [0x76316739+25]
RtlGetFullPathName_UEx [0x77AC8FEF+1215]
RtlGetFullPathName_UEx [0x77AC8FBD+1165]

at java.base/jdk.internal.reflect.NativeConstructorAccessorImpl.newInstance0(Native Method)
at java.base/jdk.internal.reflect.NativeConstructorAccessorImpl.newInstance(NativeConstructorAccessorImpl.java:78)
at java.base/jdk.internal.reflect.DelegatingConstructorAccessorImpl.newInstance(DelegatingConstructorAccessorImpl.java:45)
at java.base/java.lang.reflect.Constructor.newInstanceWithCaller(Constructor.java:499)
at java.base/java.lang.reflect.Constructor.newInstance(Constructor.java:480)
at org.openqa.selenium.remote.W3CHandshakeResponse.lambda$errorHandler$0(W3CHandshakeResponse.java:62)
at org.openqa.selenium.remote.HandshakeResponse.lambda$getResponseFunction$0(HandshakeResponse.java:30)
at org.openqa.selenium.remote.ProtocolHandshake.lambda$createSession$0(ProtocolHandshake.java:126)
at java.base/java.util.stream.ReferencePipeline$3$1.accept(ReferencePipeline.java:197)
at java.base/java.util.Spliterators$ArraySpliterator.tryAdvance(Spliterators.java:958)
at java.base/java.util.stream.ReferencePipeline.forEachWithCancel(ReferencePipeline.java:129)
at java.base/java.util.stream.AbstractPipeline.copyIntoWithCancel(AbstractPipeline.java:502)
at java.base/java.util.stream.AbstractPipeline.copyInto(AbstractPipeline.java:488)
at java.base/java.util.stream.AbstractPipeline.wrapAndCopyInto(AbstractPipeline.java:474)
at java.base/java.util.stream.FindOps$FindOp.evaluateSequential(FindOps.java:150)
at java.base/java.util.stream.AbstractPipeline.evaluate(AbstractPipeline.java:234)
at java.base/java.util.stream.ReferencePipeline.findFirst(ReferencePipeline.java:647)
at org.openqa.selenium.remote.ProtocolHandshake.createSession(ProtocolHandshake.java:128)
at org.openqa.selenium.remote.ProtocolHandshake.createSession(ProtocolHandshake.java:74)
at org.openqa.selenium.remote.HttpCommandExecutor.execute(HttpCommandExecutor.java:136)
at org.openqa.selenium.remote.service.DriverCommandExecutor.execute(DriverCommandExecutor.java:83)
at org.openqa.selenium.remote.RemoteWebDriver.execute(RemoteWebDriver.java:552)
at org.openqa.selenium.remote.RemoteWebDriver.startSession(RemoteWebDriver.java:213)
at org.openqa.selenium.remote.RemoteWebDriver.<init>(RemoteWebDriver.java:131)
at org.openqa.selenium.chrome.ChromeDriver.<init>(ChromeDriver.java:181)
at org.openqa.selenium.chrome.ChromeDriver.<init>(ChromeDriver.java:168)
at org.openqa.selenium.chrome.ChromeDriver.<init>(ChromeDriver.java:123)
at comcast.vtiger.genericUtility.BaseClass.BC(BaseClass.java:46)
at java.base/jdk.internal.reflect.NativeMethodAccessorImpl.invoke0(Native Method)
at java.base/jdk.internal.reflect.NativeMethodAccessorImpl.invoke(NativeMethodAccessorImpl.java:78)
at java.base/jdk.internal.reflect.DelegatingMethodAccessorImpl.invoke(DelegatingMethodAccessorImpl.java:43)
at java.base/java.lang.reflect.Method.invoke(Method.java:567)
at org.testng.internal.MethodInvocationHelper.invokeMethod(MethodInvocationHelper.java:133)
at org.testng.internal.MethodInvocationHelper.invokeMethodConsideringTimeout(MethodInvocationHelper.java:62)
at org.testng.internal.ConfigInvoker.invokeConfigurationMethod(ConfigInvoker.java:385)
at org.testng.internal.ConfigInvoker.invokeConfigurations(ConfigInvoker.java:321)
at org.testng.internal.TestMethodWorker.invokeBeforeClassMethods(TestMethodWorker.java:176)
at org.testng.internal.TestMethodWorker.run(TestMethodWorker.java:122)
at java.base/java.util.ArrayList.forEach(ArrayList.java:1511)
at org.testng.TestRunner.privateRun(TestRunner.java:794)
at org.testng.TestRunner.run(TestRunner.java:596)
at org.testng.SuiteRunner.runTest(SuiteRunner.java:377)
at org.testng.SuiteRunner.access$000(SuiteRunner.java:28)
at org.testng.SuiteRunner$SuiteWorker.run(SuiteRunner.java:418)
at org.testng.internal.thread.ThreadUtil.lambda$execute$0(ThreadUtil.java:64)
at java.base/java.util.concurrent.FutureTask.run(FutureTask.java:264)
at java.base/java.util.concurrent.ThreadPoolExecutor.runWorker(ThreadPoolExecutor.java:1130)
at java.base/java.util.concurrent.ThreadPoolExecutor$Worker.run(ThreadPoolExecutor.java:630)
at java.base/java.lang.Thread.run(Thread.java:831)
]]>
    </error>
  </testcase> <!-- BC -->
  <system-out/>
</testsuite> <!-- com.crm.campaign.CreateCampaignFromGenTest -->
