<?xml version="1.0" encoding="UTF-8"?>
<!-- Generated by org.testng.reporters.JUnitXMLReporter -->
<testsuite ignored="0" hostname="LAPTOP-1O88FB98" failures="0" tests="1" name="Test4" time="12.891" errors="0" timestamp="2022-08-11T15:57:13 IST">
  <testcase classname="comcast.vtiger.genericUtility.BaseClass" name="@BeforeMethod BM" time="2.681">
    <failure type="org.openqa.selenium.WebDriverException" message="unknown error: cannot determine loading status
from disconnected: unable to send message to renderer
  (Session info: chrome=104.0.5112.81)
Build info: version: &amp;apos;3.141.59&amp;apos;, revision: &amp;apos;e82be7d358&amp;apos;, time: &amp;apos;2018-11-14T08:17:03&amp;apos;
System info: host: &amp;apos;LAPTOP-1O88FB98&amp;apos;, ip: &amp;apos;192.168.137.1&amp;apos;, os.name: &amp;apos;Windows 10&amp;apos;, os.arch: &amp;apos;amd64&amp;apos;, os.version: &amp;apos;10.0&amp;apos;, java.version: &amp;apos;16.0.1&amp;apos;
Driver info: org.openqa.selenium.chrome.ChromeDriver
Capabilities {acceptInsecureCerts: false, browserName: chrome, browserVersion: 104.0.5112.81, chrome: {chromedriverVersion: 104.0.5112.79 (3cf3e8c8a07d..., userDataDir: C:\Users\hp\AppData\Local\T...}, goog:chromeOptions: {debuggerAddress: localhost:56502}, javascriptEnabled: true, networkConnectionEnabled: false, pageLoadStrategy: normal, platform: WINDOWS, platformName: WINDOWS, proxy: Proxy(), setWindowRect: true, strictFileInteractability: false, timeouts: {implicit: 0, pageLoad: 300000, script: 30000}, unhandledPromptBehavior: dismiss and notify, webauthn:extension:credBlob: true, webauthn:extension:largeBlob: true, webauthn:virtualAuthenticators: true}
Session ID: 1623836ad2c02b1e109c1dca131991ee">
      <![CDATA[org.openqa.selenium.WebDriverException: unknown error: cannot determine loading status
from disconnected: unable to send message to renderer
  (Session info: chrome=104.0.5112.81)
Build info: version: '3.141.59', revision: 'e82be7d358', time: '2018-11-14T08:17:03'
System info: host: 'LAPTOP-1O88FB98', ip: '192.168.137.1', os.name: 'Windows 10', os.arch: 'amd64', os.version: '10.0', java.version: '16.0.1'
Driver info: org.openqa.selenium.chrome.ChromeDriver
Capabilities {acceptInsecureCerts: false, browserName: chrome, browserVersion: 104.0.5112.81, chrome: {chromedriverVersion: 104.0.5112.79 (3cf3e8c8a07d..., userDataDir: C:\Users\hp\AppData\Local\T...}, goog:chromeOptions: {debuggerAddress: localhost:56502}, javascriptEnabled: true, networkConnectionEnabled: false, pageLoadStrategy: normal, platform: WINDOWS, platformName: WINDOWS, proxy: Proxy(), setWindowRect: true, strictFileInteractability: false, timeouts: {implicit: 0, pageLoad: 300000, script: 30000}, unhandledPromptBehavior: dismiss and notify, webauthn:extension:credBlob: true, webauthn:extension:largeBlob: true, webauthn:virtualAuthenticators: true}
Session ID: 1623836ad2c02b1e109c1dca131991ee
at org.openqa.selenium.remote.http.W3CHttpResponseCodec.createException(W3CHttpResponseCodec.java:187)
at org.openqa.selenium.remote.http.W3CHttpResponseCodec.decode(W3CHttpResponseCodec.java:122)
at org.openqa.selenium.remote.http.W3CHttpResponseCodec.decode(W3CHttpResponseCodec.java:49)
at org.openqa.selenium.remote.HttpCommandExecutor.execute(HttpCommandExecutor.java:158)
at org.openqa.selenium.remote.service.DriverCommandExecutor.execute(DriverCommandExecutor.java:83)
at org.openqa.selenium.remote.RemoteWebDriver.execute(RemoteWebDriver.java:552)
at org.openqa.selenium.remote.RemoteWebDriver.get(RemoteWebDriver.java:277)
at comcast.vtiger.genericUtility.BaseClass.BM(BaseClass.java:74)
at java.base/java.util.ArrayList.forEach(ArrayList.java:1511)
at java.base/java.util.concurrent.FutureTask.run(FutureTask.java:264)
at java.base/java.util.concurrent.ThreadPoolExecutor.runWorker(ThreadPoolExecutor.java:1130)
at java.base/java.util.concurrent.ThreadPoolExecutor$Worker.run(ThreadPoolExecutor.java:630)
at java.base/java.lang.Thread.run(Thread.java:831)
... Removed 27 stack frames]]>
    </failure>
  </testcase> <!-- @BeforeMethod BM -->
  <testcase classname="comcast.vtiger.genericUtility.BaseClass" name="@AfterMethod AM" time="-1.660213632377E9">
    <skipped/>
  </testcase> <!-- @AfterMethod AM -->
  <testcase classname="comcast.vtiger.genericUtility.BaseClass" name="@AfterClass AC" time="-1.660213632383E9">
    <skipped/>
  </testcase> <!-- @AfterClass AC -->
  <testcase classname="comcast.vtiger.genericUtility.BaseClass" name="@BeforeClass BC" time="12.849">
    <failure type="org.openqa.selenium.SessionNotCreatedException" message="session not created
from disconnected: received Inspector.detached event
  (Session info: chrome=104.0.5112.81)
Build info: version: &amp;apos;3.141.59&amp;apos;, revision: &amp;apos;e82be7d358&amp;apos;, time: &amp;apos;2018-11-14T08:17:03&amp;apos;
System info: host: &amp;apos;LAPTOP-1O88FB98&amp;apos;, ip: &amp;apos;192.168.137.1&amp;apos;, os.name: &amp;apos;Windows 10&amp;apos;, os.arch: &amp;apos;amd64&amp;apos;, os.version: &amp;apos;10.0&amp;apos;, java.version: &amp;apos;16.0.1&amp;apos;
Driver info: driver.version: ChromeDriver
remote stacktrace: Backtrace:
	Ordinal0 [0x00A078B3+2193587]
	Ordinal0 [0x009A0681+1771137]
	Ordinal0 [0x008B41A8+803240]
	Ordinal0 [0x008A7E1E+753182]
	Ordinal0 [0x008A7A0F+752143]
	Ordinal0 [0x008A6FAF+749487]
	Ordinal0 [0x008A5E94+745108]
	Ordinal0 [0x008A636D+746349]
	Ordinal0 [0x008A5AA5+744101]
	Ordinal0 [0x008AFD53+785747]
	Ordinal0 [0x008A5A55+744021]
	Ordinal0 [0x008A6B58+748376]
	Ordinal0 [0x008A5E94+745108]
	Ordinal0 [0x008A636D+746349]
	Ordinal0 [0x008A5AA5+744101]
	Ordinal0 [0x008ADA58+776792]
	Ordinal0 [0x008A5A55+744021]
	Ordinal0 [0x008A6B58+748376]
	Ordinal0 [0x008A5E94+745108]
	Ordinal0 [0x008A636D+746349]
	Ordinal0 [0x008A5AA5+744101]
	Ordinal0 [0x008AB452+767058]
	Ordinal0 [0x008A5A55+744021]
	Ordinal0 [0x008A6B58+748376]
	Ordinal0 [0x008A5E94+745108]
	Ordinal0 [0x008A636D+746349]
	Ordinal0 [0x008A5AA5+744101]
	Ordinal0 [0x008A148D+726157]
	Ordinal0 [0x008A5A55+744021]
	Ordinal0 [0x008A57E0+743392]
	Ordinal0 [0x008A5529+742697]
	Ordinal0 [0x008B5500+808192]
	Ordinal0 [0x00903449+1127497]
	Ordinal0 [0x0090200A+1122314]
	Ordinal0 [0x008FD5C6+1103302]
	Ordinal0 [0x008D77E0+948192]
	Ordinal0 [0x008D86E6+952038]
	GetHandleVerifier [0x00CB0CB2+2738370]
	GetHandleVerifier [0x00CA21B8+2678216]
	GetHandleVerifier [0x00A917AA+512954]
	GetHandleVerifier [0x00A90856+509030]
	Ordinal0 [0x009A743B+1799227]
	Ordinal0 [0x009ABB68+1817448]
	Ordinal0 [0x009ABC55+1817685]
	Ordinal0 [0x009B5230+1856048]
	BaseThreadInitThunk [0x76316739+25]
	RtlGetFullPathName_UEx [0x77AC8FEF+1215]
	RtlGetFullPathName_UEx [0x77AC8FBD+1165]
">
      <![CDATA[org.openqa.selenium.SessionNotCreatedException: session not created
from disconnected: received Inspector.detached event
  (Session info: chrome=104.0.5112.81)
Build info: version: '3.141.59', revision: 'e82be7d358', time: '2018-11-14T08:17:03'
System info: host: 'LAPTOP-1O88FB98', ip: '192.168.137.1', os.name: 'Windows 10', os.arch: 'amd64', os.version: '10.0', java.version: '16.0.1'
Driver info: driver.version: ChromeDriver
remote stacktrace: Backtrace:
Ordinal0 [0x00A078B3+2193587]
Ordinal0 [0x009A0681+1771137]
Ordinal0 [0x008B41A8+803240]
Ordinal0 [0x008A7E1E+753182]
Ordinal0 [0x008A7A0F+752143]
Ordinal0 [0x008A6FAF+749487]
Ordinal0 [0x008A5E94+745108]
Ordinal0 [0x008A636D+746349]
Ordinal0 [0x008A5AA5+744101]
Ordinal0 [0x008AFD53+785747]
Ordinal0 [0x008A5A55+744021]
Ordinal0 [0x008A6B58+748376]
Ordinal0 [0x008A5E94+745108]
Ordinal0 [0x008A636D+746349]
Ordinal0 [0x008A5AA5+744101]
Ordinal0 [0x008ADA58+776792]
Ordinal0 [0x008A5A55+744021]
Ordinal0 [0x008A6B58+748376]
Ordinal0 [0x008A5E94+745108]
Ordinal0 [0x008A636D+746349]
Ordinal0 [0x008A5AA5+744101]
Ordinal0 [0x008AB452+767058]
Ordinal0 [0x008A5A55+744021]
Ordinal0 [0x008A6B58+748376]
Ordinal0 [0x008A5E94+745108]
Ordinal0 [0x008A636D+746349]
Ordinal0 [0x008A5AA5+744101]
Ordinal0 [0x008A148D+726157]
Ordinal0 [0x008A5A55+744021]
Ordinal0 [0x008A57E0+743392]
Ordinal0 [0x008A5529+742697]
Ordinal0 [0x008B5500+808192]
Ordinal0 [0x00903449+1127497]
Ordinal0 [0x0090200A+1122314]
Ordinal0 [0x008FD5C6+1103302]
Ordinal0 [0x008D77E0+948192]
Ordinal0 [0x008D86E6+952038]
GetHandleVerifier [0x00CB0CB2+2738370]
GetHandleVerifier [0x00CA21B8+2678216]
GetHandleVerifier [0x00A917AA+512954]
GetHandleVerifier [0x00A90856+509030]
Ordinal0 [0x009A743B+1799227]
Ordinal0 [0x009ABB68+1817448]
Ordinal0 [0x009ABC55+1817685]
Ordinal0 [0x009B5230+1856048]
BaseThreadInitThunk [0x76316739+25]
RtlGetFullPathName_UEx [0x77AC8FEF+1215]
RtlGetFullPathName_UEx [0x77AC8FBD+1165]

at org.openqa.selenium.remote.W3CHandshakeResponse.lambda$errorHandler$0(W3CHandshakeResponse.java:62)
at org.openqa.selenium.remote.HandshakeResponse.lambda$getResponseFunction$0(HandshakeResponse.java:30)
at org.openqa.selenium.remote.ProtocolHandshake.lambda$createSession$0(ProtocolHandshake.java:126)
at java.base/java.util.stream.ReferencePipeline$3$1.accept(ReferencePipeline.java:197)
at java.base/java.util.Spliterators$ArraySpliterator.tryAdvance(Spliterators.java:958)
at java.base/java.util.stream.ReferencePipeline.forEachWithCancel(ReferencePipeline.java:129)
at java.base/java.util.stream.AbstractPipeline.copyIntoWithCancel(AbstractPipeline.java:502)
at java.base/java.util.stream.AbstractPipeline.copyInto(AbstractPipeline.java:488)
at java.base/java.util.stream.AbstractPipeline.wrapAndCopyInto(AbstractPipeline.java:474)
at java.base/java.util.stream.FindOps$FindOp.evaluateSequential(FindOps.java:150)
at java.base/java.util.stream.AbstractPipeline.evaluate(AbstractPipeline.java:234)
at java.base/java.util.stream.ReferencePipeline.findFirst(ReferencePipeline.java:647)
at org.openqa.selenium.remote.ProtocolHandshake.createSession(ProtocolHandshake.java:128)
at org.openqa.selenium.remote.ProtocolHandshake.createSession(ProtocolHandshake.java:74)
at org.openqa.selenium.remote.HttpCommandExecutor.execute(HttpCommandExecutor.java:136)
at org.openqa.selenium.remote.service.DriverCommandExecutor.execute(DriverCommandExecutor.java:83)
at org.openqa.selenium.remote.RemoteWebDriver.execute(RemoteWebDriver.java:552)
at org.openqa.selenium.remote.RemoteWebDriver.startSession(RemoteWebDriver.java:213)
at org.openqa.selenium.remote.RemoteWebDriver.<init>(RemoteWebDriver.java:131)
at org.openqa.selenium.chrome.ChromeDriver.<init>(ChromeDriver.java:181)
at org.openqa.selenium.chrome.ChromeDriver.<init>(ChromeDriver.java:168)
at org.openqa.selenium.chrome.ChromeDriver.<init>(ChromeDriver.java:123)
at comcast.vtiger.genericUtility.BaseClass.BC(BaseClass.java:46)
at java.base/java.util.ArrayList.forEach(ArrayList.java:1511)
at java.base/java.util.concurrent.FutureTask.run(FutureTask.java:264)
at java.base/java.util.concurrent.ThreadPoolExecutor.runWorker(ThreadPoolExecutor.java:1130)
at java.base/java.util.concurrent.ThreadPoolExecutor$Worker.run(ThreadPoolExecutor.java:630)
at java.base/java.lang.Thread.run(Thread.java:831)
... Removed 21 stack frames]]>
    </failure>
  </testcase> <!-- @BeforeClass BC -->
  <testcase classname="comcast.vtiger.genericUtility.BaseClass" name="@BeforeMethod BM" time="-1.660213632994E9">
    <skipped/>
  </testcase> <!-- @BeforeMethod BM -->
  <testcase classname="comcast.vtiger.genericUtility.BaseClass" name="@AfterMethod AM" time="-1.660213633001E9">
    <skipped/>
  </testcase> <!-- @AfterMethod AM -->
  <testcase classname="comcast.vtiger.genericUtility.BaseClass" name="@AfterClass AC" time="-1.660213633004E9">
    <skipped/>
  </testcase> <!-- @AfterClass AC -->
  <testcase classname="com.crm.SDET.product.ProductGenTest" name="createProduct" time="0.0">
    <skipped/>
  </testcase> <!-- createProduct -->
</testsuite> <!-- Test4 -->
