<?xml version="1.0" encoding="UTF-8"?>
<testng-results ignored="0" total="5" passed="0" failed="0" skipped="5">
  <reporter-output>
  </reporter-output>
  <suite started-at="2022-08-11T15:57:00 IST" name="Suite" finished-at="2022-08-11T15:57:13 IST" duration-ms="12891">
    <groups>
      <group name="Smoke Testing">
        <method signature="CreateCampaignFromGenTest.createCampaign()[pri:0, instance:com.crm.campaign.CreateCampaignFromGenTest@3a44431a]" name="createCampaign" class="com.crm.campaign.CreateCampaignFromGenTest"/>
        <method signature="CreateOrgationzationGenTest.createOrganization()[pri:0, instance:com.crm.SDET.organization.CreateOrgationzationGenTest@942a29c]" name="createOrganization" class="com.crm.SDET.organization.CreateOrgationzationGenTest"/>
        <method signature="CreateDeleteProductGenTest.createDeletePro()[pri:0, instance:com.crm.SDET.product.CreateDeleteProductGenTest@130c12b7]" name="createDeletePro" class="com.crm.SDET.product.CreateDeleteProductGenTest"/>
        <method signature="ProductGenTest.createProduct()[pri:0, instance:com.crm.SDET.product.ProductGenTest@a38c7fe]" name="createProduct" class="com.crm.SDET.product.ProductGenTest"/>
        <method signature="CreateCampaignNproduct2Test.createProAndCampaign()[pri:0, instance:com.crm.campaign.CreateCampaignNproduct2Test@4a883b15]" name="createProAndCampaign" class="com.crm.campaign.CreateCampaignNproduct2Test"/>
      </group> <!-- Smoke Testing -->
      <group name="Regression Testing">
        <method signature="CreateCampaignFromGenTest.createCampaign()[pri:0, instance:com.crm.campaign.CreateCampaignFromGenTest@3a44431a]" name="createCampaign" class="com.crm.campaign.CreateCampaignFromGenTest"/>
        <method signature="CreateOrgationzationGenTest.createOrganization()[pri:0, instance:com.crm.SDET.organization.CreateOrgationzationGenTest@942a29c]" name="createOrganization" class="com.crm.SDET.organization.CreateOrgationzationGenTest"/>
        <method signature="CreateDeleteProductGenTest.createDeletePro()[pri:0, instance:com.crm.SDET.product.CreateDeleteProductGenTest@130c12b7]" name="createDeletePro" class="com.crm.SDET.product.CreateDeleteProductGenTest"/>
        <method signature="ProductGenTest.createProduct()[pri:0, instance:com.crm.SDET.product.ProductGenTest@a38c7fe]" name="createProduct" class="com.crm.SDET.product.ProductGenTest"/>
        <method signature="CreateCampaignNproduct2Test.createProAndCampaign()[pri:0, instance:com.crm.campaign.CreateCampaignNproduct2Test@4a883b15]" name="createProAndCampaign" class="com.crm.campaign.CreateCampaignNproduct2Test"/>
      </group> <!-- Regression Testing -->
    </groups>
    <test started-at="2022-08-11T15:57:00 IST" name="Test2" finished-at="2022-08-11T15:57:11 IST" duration-ms="10952">
      <class name="com.crm.SDET.organization.CreateOrgationzationGenTest">
        <test-method is-config="true" signature="BT()[pri:0, instance:com.crm.SDET.organization.CreateOrgationzationGenTest@942a29c]" started-at="2022-08-11T15:57:00 IST" name="BT" finished-at="2022-08-11T15:57:00 IST" duration-ms="2" status="PASS">
          <reporter-output>
          </reporter-output>
        </test-method> <!-- BT -->
        <test-method is-config="true" signature="BC()[pri:0, instance:com.crm.SDET.organization.CreateOrgationzationGenTest@942a29c]" started-at="2022-08-11T15:57:00 IST" name="BC" finished-at="2022-08-11T15:57:09 IST" duration-ms="9480" status="PASS">
          <reporter-output>
          </reporter-output>
        </test-method> <!-- BC -->
        <test-method is-config="true" signature="BM()[pri:0, instance:com.crm.SDET.organization.CreateOrgationzationGenTest@942a29c]" started-at="2022-08-11T15:57:09 IST" name="BM" finished-at="2022-08-11T15:57:10 IST" duration-ms="1002" status="FAIL">
          <exception class="org.openqa.selenium.WebDriverException">
            <message>
              <![CDATA[unknown error: cannot determine loading status
from disconnected: unable to send message to renderer
  (Session info: chrome=104.0.5112.81)
Build info: version: '3.141.59', revision: 'e82be7d358', time: '2018-11-14T08:17:03'
System info: host: 'LAPTOP-1O88FB98', ip: '192.168.137.1', os.name: 'Windows 10', os.arch: 'amd64', os.version: '10.0', java.version: '16.0.1'
Driver info: org.openqa.selenium.chrome.ChromeDriver
Capabilities {acceptInsecureCerts: false, browserName: chrome, browserVersion: 104.0.5112.81, chrome: {chromedriverVersion: 104.0.5112.79 (3cf3e8c8a07d..., userDataDir: C:\Users\hp\AppData\Local\T...}, goog:chromeOptions: {debuggerAddress: localhost:56503}, javascriptEnabled: true, networkConnectionEnabled: false, pageLoadStrategy: normal, platform: WINDOWS, platformName: WINDOWS, proxy: Proxy(), setWindowRect: true, strictFileInteractability: false, timeouts: {implicit: 0, pageLoad: 300000, script: 30000}, unhandledPromptBehavior: dismiss and notify, webauthn:extension:credBlob: true, webauthn:extension:largeBlob: true, webauthn:virtualAuthenticators: true}
Session ID: b298f9fb58916b1b6e573019f59045e0]]>
            </message>
            <full-stacktrace>
              <![CDATA[org.openqa.selenium.WebDriverException: unknown error: cannot determine loading status
from disconnected: unable to send message to renderer
  (Session info: chrome=104.0.5112.81)
Build info: version: '3.141.59', revision: 'e82be7d358', time: '2018-11-14T08:17:03'
System info: host: 'LAPTOP-1O88FB98', ip: '192.168.137.1', os.name: 'Windows 10', os.arch: 'amd64', os.version: '10.0', java.version: '16.0.1'
Driver info: org.openqa.selenium.chrome.ChromeDriver
Capabilities {acceptInsecureCerts: false, browserName: chrome, browserVersion: 104.0.5112.81, chrome: {chromedriverVersion: 104.0.5112.79 (3cf3e8c8a07d..., userDataDir: C:\Users\hp\AppData\Local\T...}, goog:chromeOptions: {debuggerAddress: localhost:56503}, javascriptEnabled: true, networkConnectionEnabled: false, pageLoadStrategy: normal, platform: WINDOWS, platformName: WINDOWS, proxy: Proxy(), setWindowRect: true, strictFileInteractability: false, timeouts: {implicit: 0, pageLoad: 300000, script: 30000}, unhandledPromptBehavior: dismiss and notify, webauthn:extension:credBlob: true, webauthn:extension:largeBlob: true, webauthn:virtualAuthenticators: true}
Session ID: b298f9fb58916b1b6e573019f59045e0
at java.base/jdk.internal.reflect.NativeConstructorAccessorImpl.newInstance0(Native Method)
at java.base/jdk.internal.reflect.NativeConstructorAccessorImpl.newInstance(NativeConstructorAccessorImpl.java:78)
at java.base/jdk.internal.reflect.DelegatingConstructorAccessorImpl.newInstance(DelegatingConstructorAccessorImpl.java:45)
at java.base/java.lang.reflect.Constructor.newInstanceWithCaller(Constructor.java:499)
at java.base/java.lang.reflect.Constructor.newInstance(Constructor.java:480)
at org.openqa.selenium.remote.http.W3CHttpResponseCodec.createException(W3CHttpResponseCodec.java:187)
at org.openqa.selenium.remote.http.W3CHttpResponseCodec.decode(W3CHttpResponseCodec.java:122)
at org.openqa.selenium.remote.http.W3CHttpResponseCodec.decode(W3CHttpResponseCodec.java:49)
at org.openqa.selenium.remote.HttpCommandExecutor.execute(HttpCommandExecutor.java:158)
at org.openqa.selenium.remote.service.DriverCommandExecutor.execute(DriverCommandExecutor.java:83)
at org.openqa.selenium.remote.RemoteWebDriver.execute(RemoteWebDriver.java:552)
at org.openqa.selenium.remote.RemoteWebDriver.get(RemoteWebDriver.java:277)
at comcast.vtiger.genericUtility.BaseClass.BM(BaseClass.java:74)
at java.base/jdk.internal.reflect.NativeMethodAccessorImpl.invoke0(Native Method)
at java.base/jdk.internal.reflect.NativeMethodAccessorImpl.invoke(NativeMethodAccessorImpl.java:78)
at java.base/jdk.internal.reflect.DelegatingMethodAccessorImpl.invoke(DelegatingMethodAccessorImpl.java:43)
at java.base/java.lang.reflect.Method.invoke(Method.java:567)
at org.testng.internal.MethodInvocationHelper.invokeMethod(MethodInvocationHelper.java:133)
at org.testng.internal.MethodInvocationHelper.invokeMethodConsideringTimeout(MethodInvocationHelper.java:62)
at org.testng.internal.ConfigInvoker.invokeConfigurationMethod(ConfigInvoker.java:385)
at org.testng.internal.ConfigInvoker.invokeConfigurations(ConfigInvoker.java:321)
at org.testng.internal.TestInvoker.runConfigMethods(TestInvoker.java:700)
at org.testng.internal.TestInvoker.invokeMethod(TestInvoker.java:527)
at org.testng.internal.TestInvoker.invokeTestMethod(TestInvoker.java:173)
at org.testng.internal.MethodRunner.runInSequence(MethodRunner.java:46)
at org.testng.internal.TestInvoker$MethodInvocationAgent.invoke(TestInvoker.java:824)
at org.testng.internal.TestInvoker.invokeTestMethods(TestInvoker.java:146)
at org.testng.internal.TestMethodWorker.invokeTestMethods(TestMethodWorker.java:146)
at org.testng.internal.TestMethodWorker.run(TestMethodWorker.java:128)
at java.base/java.util.ArrayList.forEach(ArrayList.java:1511)
at org.testng.TestRunner.privateRun(TestRunner.java:794)
at org.testng.TestRunner.run(TestRunner.java:596)
at org.testng.SuiteRunner.runTest(SuiteRunner.java:377)
at org.testng.SuiteRunner.access$000(SuiteRunner.java:28)
at org.testng.SuiteRunner$SuiteWorker.run(SuiteRunner.java:418)
at org.testng.internal.thread.ThreadUtil.lambda$execute$0(ThreadUtil.java:64)
at java.base/java.util.concurrent.FutureTask.run(FutureTask.java:264)
at java.base/java.util.concurrent.ThreadPoolExecutor.runWorker(ThreadPoolExecutor.java:1130)
at java.base/java.util.concurrent.ThreadPoolExecutor$Worker.run(ThreadPoolExecutor.java:630)
at java.base/java.lang.Thread.run(Thread.java:831)
]]>
            </full-stacktrace>
          </exception> <!-- org.openqa.selenium.WebDriverException -->
          <reporter-output>
          </reporter-output>
        </test-method> <!-- BM -->
        <test-method signature="createOrganization()[pri:0, instance:com.crm.SDET.organization.CreateOrgationzationGenTest@942a29c]" started-at="2022-08-11T15:57:10 IST" name="createOrganization" finished-at="2022-08-11T15:57:10 IST" duration-ms="0" status="SKIP">
          <exception class="org.openqa.selenium.WebDriverException">
            <message>
              <![CDATA[unknown error: cannot determine loading status
from disconnected: unable to send message to renderer
  (Session info: chrome=104.0.5112.81)
Build info: version: '3.141.59', revision: 'e82be7d358', time: '2018-11-14T08:17:03'
System info: host: 'LAPTOP-1O88FB98', ip: '192.168.137.1', os.name: 'Windows 10', os.arch: 'amd64', os.version: '10.0', java.version: '16.0.1'
Driver info: org.openqa.selenium.chrome.ChromeDriver
Capabilities {acceptInsecureCerts: false, browserName: chrome, browserVersion: 104.0.5112.81, chrome: {chromedriverVersion: 104.0.5112.79 (3cf3e8c8a07d..., userDataDir: C:\Users\hp\AppData\Local\T...}, goog:chromeOptions: {debuggerAddress: localhost:56503}, javascriptEnabled: true, networkConnectionEnabled: false, pageLoadStrategy: normal, platform: WINDOWS, platformName: WINDOWS, proxy: Proxy(), setWindowRect: true, strictFileInteractability: false, timeouts: {implicit: 0, pageLoad: 300000, script: 30000}, unhandledPromptBehavior: dismiss and notify, webauthn:extension:credBlob: true, webauthn:extension:largeBlob: true, webauthn:virtualAuthenticators: true}
Session ID: b298f9fb58916b1b6e573019f59045e0]]>
            </message>
            <full-stacktrace>
              <![CDATA[org.openqa.selenium.WebDriverException: unknown error: cannot determine loading status
from disconnected: unable to send message to renderer
  (Session info: chrome=104.0.5112.81)
Build info: version: '3.141.59', revision: 'e82be7d358', time: '2018-11-14T08:17:03'
System info: host: 'LAPTOP-1O88FB98', ip: '192.168.137.1', os.name: 'Windows 10', os.arch: 'amd64', os.version: '10.0', java.version: '16.0.1'
Driver info: org.openqa.selenium.chrome.ChromeDriver
Capabilities {acceptInsecureCerts: false, browserName: chrome, browserVersion: 104.0.5112.81, chrome: {chromedriverVersion: 104.0.5112.79 (3cf3e8c8a07d..., userDataDir: C:\Users\hp\AppData\Local\T...}, goog:chromeOptions: {debuggerAddress: localhost:56503}, javascriptEnabled: true, networkConnectionEnabled: false, pageLoadStrategy: normal, platform: WINDOWS, platformName: WINDOWS, proxy: Proxy(), setWindowRect: true, strictFileInteractability: false, timeouts: {implicit: 0, pageLoad: 300000, script: 30000}, unhandledPromptBehavior: dismiss and notify, webauthn:extension:credBlob: true, webauthn:extension:largeBlob: true, webauthn:virtualAuthenticators: true}
Session ID: b298f9fb58916b1b6e573019f59045e0
at java.base/jdk.internal.reflect.NativeConstructorAccessorImpl.newInstance0(Native Method)
at java.base/jdk.internal.reflect.NativeConstructorAccessorImpl.newInstance(NativeConstructorAccessorImpl.java:78)
at java.base/jdk.internal.reflect.DelegatingConstructorAccessorImpl.newInstance(DelegatingConstructorAccessorImpl.java:45)
at java.base/java.lang.reflect.Constructor.newInstanceWithCaller(Constructor.java:499)
at java.base/java.lang.reflect.Constructor.newInstance(Constructor.java:480)
at org.openqa.selenium.remote.http.W3CHttpResponseCodec.createException(W3CHttpResponseCodec.java:187)
at org.openqa.selenium.remote.http.W3CHttpResponseCodec.decode(W3CHttpResponseCodec.java:122)
at org.openqa.selenium.remote.http.W3CHttpResponseCodec.decode(W3CHttpResponseCodec.java:49)
at org.openqa.selenium.remote.HttpCommandExecutor.execute(HttpCommandExecutor.java:158)
at org.openqa.selenium.remote.service.DriverCommandExecutor.execute(DriverCommandExecutor.java:83)
at org.openqa.selenium.remote.RemoteWebDriver.execute(RemoteWebDriver.java:552)
at org.openqa.selenium.remote.RemoteWebDriver.get(RemoteWebDriver.java:277)
at comcast.vtiger.genericUtility.BaseClass.BM(BaseClass.java:74)
at java.base/jdk.internal.reflect.NativeMethodAccessorImpl.invoke0(Native Method)
at java.base/jdk.internal.reflect.NativeMethodAccessorImpl.invoke(NativeMethodAccessorImpl.java:78)
at java.base/jdk.internal.reflect.DelegatingMethodAccessorImpl.invoke(DelegatingMethodAccessorImpl.java:43)
at java.base/java.lang.reflect.Method.invoke(Method.java:567)
at org.testng.internal.MethodInvocationHelper.invokeMethod(MethodInvocationHelper.java:133)
at org.testng.internal.MethodInvocationHelper.invokeMethodConsideringTimeout(MethodInvocationHelper.java:62)
at org.testng.internal.ConfigInvoker.invokeConfigurationMethod(ConfigInvoker.java:385)
at org.testng.internal.ConfigInvoker.invokeConfigurations(ConfigInvoker.java:321)
at org.testng.internal.TestInvoker.runConfigMethods(TestInvoker.java:700)
at org.testng.internal.TestInvoker.invokeMethod(TestInvoker.java:527)
at org.testng.internal.TestInvoker.invokeTestMethod(TestInvoker.java:173)
at org.testng.internal.MethodRunner.runInSequence(MethodRunner.java:46)
at org.testng.internal.TestInvoker$MethodInvocationAgent.invoke(TestInvoker.java:824)
at org.testng.internal.TestInvoker.invokeTestMethods(TestInvoker.java:146)
at org.testng.internal.TestMethodWorker.invokeTestMethods(TestMethodWorker.java:146)
at org.testng.internal.TestMethodWorker.run(TestMethodWorker.java:128)
at java.base/java.util.ArrayList.forEach(ArrayList.java:1511)
at org.testng.TestRunner.privateRun(TestRunner.java:794)
at org.testng.TestRunner.run(TestRunner.java:596)
at org.testng.SuiteRunner.runTest(SuiteRunner.java:377)
at org.testng.SuiteRunner.access$000(SuiteRunner.java:28)
at org.testng.SuiteRunner$SuiteWorker.run(SuiteRunner.java:418)
at org.testng.internal.thread.ThreadUtil.lambda$execute$0(ThreadUtil.java:64)
at java.base/java.util.concurrent.FutureTask.run(FutureTask.java:264)
at java.base/java.util.concurrent.ThreadPoolExecutor.runWorker(ThreadPoolExecutor.java:1130)
at java.base/java.util.concurrent.ThreadPoolExecutor$Worker.run(ThreadPoolExecutor.java:630)
at java.base/java.lang.Thread.run(Thread.java:831)
]]>
            </full-stacktrace>
          </exception> <!-- org.openqa.selenium.WebDriverException -->
          <reporter-output>
          </reporter-output>
        </test-method> <!-- createOrganization -->
        <test-method is-config="true" signature="AM()[pri:0, instance:com.crm.SDET.organization.CreateOrgationzationGenTest@942a29c]" started-at="2022-08-11T15:57:11 IST" name="AM" finished-at="1970-01-01T05:30:00 IST" duration-ms="-1660213631011" status="SKIP">
          <reporter-output>
          </reporter-output>
        </test-method> <!-- AM -->
        <test-method is-config="true" signature="AC()[pri:0, instance:com.crm.SDET.organization.CreateOrgationzationGenTest@942a29c]" started-at="2022-08-11T15:57:11 IST" name="AC" finished-at="1970-01-01T05:30:00 IST" duration-ms="-1660213631043" status="SKIP">
          <reporter-output>
          </reporter-output>
        </test-method> <!-- AC -->
        <test-method is-config="true" signature="AT()[pri:0, instance:com.crm.SDET.organization.CreateOrgationzationGenTest@942a29c]" started-at="2022-08-11T15:57:11 IST" name="AT" finished-at="2022-08-11T15:57:11 IST" duration-ms="1" status="PASS">
          <reporter-output>
          </reporter-output>
        </test-method> <!-- AT -->
      </class> <!-- com.crm.SDET.organization.CreateOrgationzationGenTest -->
    </test> <!-- Test2 -->
    <test started-at="2022-08-11T15:57:00 IST" name="Test3" finished-at="2022-08-11T15:57:11 IST" duration-ms="11404">
      <class name="com.crm.SDET.product.CreateDeleteProductGenTest">
        <test-method is-config="true" signature="BT()[pri:0, instance:com.crm.SDET.product.CreateDeleteProductGenTest@130c12b7]" started-at="2022-08-11T15:57:00 IST" name="BT" finished-at="2022-08-11T15:57:00 IST" duration-ms="0" status="PASS">
          <reporter-output>
          </reporter-output>
        </test-method> <!-- BT -->
        <test-method is-config="true" signature="BC()[pri:0, instance:com.crm.SDET.product.CreateDeleteProductGenTest@130c12b7]" started-at="2022-08-11T15:57:00 IST" name="BC" finished-at="2022-08-11T15:57:10 IST" duration-ms="10031" status="PASS">
          <reporter-output>
          </reporter-output>
        </test-method> <!-- BC -->
        <test-method is-config="true" signature="BM()[pri:0, instance:com.crm.SDET.product.CreateDeleteProductGenTest@130c12b7]" started-at="2022-08-11T15:57:10 IST" name="BM" finished-at="2022-08-11T15:57:11 IST" duration-ms="1264" status="FAIL">
          <exception class="org.openqa.selenium.WebDriverException">
            <message>
              <![CDATA[unknown error: cannot determine loading status
from disconnected: received Inspector.detached event
  (Session info: chrome=104.0.5112.81)
Build info: version: '3.141.59', revision: 'e82be7d358', time: '2018-11-14T08:17:03'
System info: host: 'LAPTOP-1O88FB98', ip: '192.168.137.1', os.name: 'Windows 10', os.arch: 'amd64', os.version: '10.0', java.version: '16.0.1'
Driver info: org.openqa.selenium.chrome.ChromeDriver
Capabilities {acceptInsecureCerts: false, browserName: chrome, browserVersion: 104.0.5112.81, chrome: {chromedriverVersion: 104.0.5112.79 (3cf3e8c8a07d..., userDataDir: C:\Users\hp\AppData\Local\T...}, goog:chromeOptions: {debuggerAddress: localhost:56504}, javascriptEnabled: true, networkConnectionEnabled: false, pageLoadStrategy: normal, platform: WINDOWS, platformName: WINDOWS, proxy: Proxy(), setWindowRect: true, strictFileInteractability: false, timeouts: {implicit: 0, pageLoad: 300000, script: 30000}, unhandledPromptBehavior: dismiss and notify, webauthn:extension:credBlob: true, webauthn:extension:largeBlob: true, webauthn:virtualAuthenticators: true}
Session ID: 4905817b30c1f3c853f8e7cd204df76f]]>
            </message>
            <full-stacktrace>
              <![CDATA[org.openqa.selenium.WebDriverException: unknown error: cannot determine loading status
from disconnected: received Inspector.detached event
  (Session info: chrome=104.0.5112.81)
Build info: version: '3.141.59', revision: 'e82be7d358', time: '2018-11-14T08:17:03'
System info: host: 'LAPTOP-1O88FB98', ip: '192.168.137.1', os.name: 'Windows 10', os.arch: 'amd64', os.version: '10.0', java.version: '16.0.1'
Driver info: org.openqa.selenium.chrome.ChromeDriver
Capabilities {acceptInsecureCerts: false, browserName: chrome, browserVersion: 104.0.5112.81, chrome: {chromedriverVersion: 104.0.5112.79 (3cf3e8c8a07d..., userDataDir: C:\Users\hp\AppData\Local\T...}, goog:chromeOptions: {debuggerAddress: localhost:56504}, javascriptEnabled: true, networkConnectionEnabled: false, pageLoadStrategy: normal, platform: WINDOWS, platformName: WINDOWS, proxy: Proxy(), setWindowRect: true, strictFileInteractability: false, timeouts: {implicit: 0, pageLoad: 300000, script: 30000}, unhandledPromptBehavior: dismiss and notify, webauthn:extension:credBlob: true, webauthn:extension:largeBlob: true, webauthn:virtualAuthenticators: true}
Session ID: 4905817b30c1f3c853f8e7cd204df76f
at java.base/jdk.internal.reflect.NativeConstructorAccessorImpl.newInstance0(Native Method)
at java.base/jdk.internal.reflect.NativeConstructorAccessorImpl.newInstance(NativeConstructorAccessorImpl.java:78)
at java.base/jdk.internal.reflect.DelegatingConstructorAccessorImpl.newInstance(DelegatingConstructorAccessorImpl.java:45)
at java.base/java.lang.reflect.Constructor.newInstanceWithCaller(Constructor.java:499)
at java.base/java.lang.reflect.Constructor.newInstance(Constructor.java:480)
at org.openqa.selenium.remote.http.W3CHttpResponseCodec.createException(W3CHttpResponseCodec.java:187)
at org.openqa.selenium.remote.http.W3CHttpResponseCodec.decode(W3CHttpResponseCodec.java:122)
at org.openqa.selenium.remote.http.W3CHttpResponseCodec.decode(W3CHttpResponseCodec.java:49)
at org.openqa.selenium.remote.HttpCommandExecutor.execute(HttpCommandExecutor.java:158)
at org.openqa.selenium.remote.service.DriverCommandExecutor.execute(DriverCommandExecutor.java:83)
at org.openqa.selenium.remote.RemoteWebDriver.execute(RemoteWebDriver.java:552)
at org.openqa.selenium.remote.RemoteWebDriver.get(RemoteWebDriver.java:277)
at comcast.vtiger.genericUtility.BaseClass.BM(BaseClass.java:74)
at java.base/jdk.internal.reflect.NativeMethodAccessorImpl.invoke0(Native Method)
at java.base/jdk.internal.reflect.NativeMethodAccessorImpl.invoke(NativeMethodAccessorImpl.java:78)
at java.base/jdk.internal.reflect.DelegatingMethodAccessorImpl.invoke(DelegatingMethodAccessorImpl.java:43)
at java.base/java.lang.reflect.Method.invoke(Method.java:567)
at org.testng.internal.MethodInvocationHelper.invokeMethod(MethodInvocationHelper.java:133)
at org.testng.internal.MethodInvocationHelper.invokeMethodConsideringTimeout(MethodInvocationHelper.java:62)
at org.testng.internal.ConfigInvoker.invokeConfigurationMethod(ConfigInvoker.java:385)
at org.testng.internal.ConfigInvoker.invokeConfigurations(ConfigInvoker.java:321)
at org.testng.internal.TestInvoker.runConfigMethods(TestInvoker.java:700)
at org.testng.internal.TestInvoker.invokeMethod(TestInvoker.java:527)
at org.testng.internal.TestInvoker.invokeTestMethod(TestInvoker.java:173)
at org.testng.internal.MethodRunner.runInSequence(MethodRunner.java:46)
at org.testng.internal.TestInvoker$MethodInvocationAgent.invoke(TestInvoker.java:824)
at org.testng.internal.TestInvoker.invokeTestMethods(TestInvoker.java:146)
at org.testng.internal.TestMethodWorker.invokeTestMethods(TestMethodWorker.java:146)
at org.testng.internal.TestMethodWorker.run(TestMethodWorker.java:128)
at java.base/java.util.ArrayList.forEach(ArrayList.java:1511)
at org.testng.TestRunner.privateRun(TestRunner.java:794)
at org.testng.TestRunner.run(TestRunner.java:596)
at org.testng.SuiteRunner.runTest(SuiteRunner.java:377)
at org.testng.SuiteRunner.access$000(SuiteRunner.java:28)
at org.testng.SuiteRunner$SuiteWorker.run(SuiteRunner.java:418)
at org.testng.internal.thread.ThreadUtil.lambda$execute$0(ThreadUtil.java:64)
at java.base/java.util.concurrent.FutureTask.run(FutureTask.java:264)
at java.base/java.util.concurrent.ThreadPoolExecutor.runWorker(ThreadPoolExecutor.java:1130)
at java.base/java.util.concurrent.ThreadPoolExecutor$Worker.run(ThreadPoolExecutor.java:630)
at java.base/java.lang.Thread.run(Thread.java:831)
]]>
            </full-stacktrace>
          </exception> <!-- org.openqa.selenium.WebDriverException -->
          <reporter-output>
          </reporter-output>
        </test-method> <!-- BM -->
        <test-method signature="createDeletePro()[pri:0, instance:com.crm.SDET.product.CreateDeleteProductGenTest@130c12b7]" started-at="2022-08-11T15:57:11 IST" name="createDeletePro" finished-at="2022-08-11T15:57:11 IST" duration-ms="0" status="SKIP">
          <exception class="org.openqa.selenium.WebDriverException">
            <message>
              <![CDATA[unknown error: cannot determine loading status
from disconnected: received Inspector.detached event
  (Session info: chrome=104.0.5112.81)
Build info: version: '3.141.59', revision: 'e82be7d358', time: '2018-11-14T08:17:03'
System info: host: 'LAPTOP-1O88FB98', ip: '192.168.137.1', os.name: 'Windows 10', os.arch: 'amd64', os.version: '10.0', java.version: '16.0.1'
Driver info: org.openqa.selenium.chrome.ChromeDriver
Capabilities {acceptInsecureCerts: false, browserName: chrome, browserVersion: 104.0.5112.81, chrome: {chromedriverVersion: 104.0.5112.79 (3cf3e8c8a07d..., userDataDir: C:\Users\hp\AppData\Local\T...}, goog:chromeOptions: {debuggerAddress: localhost:56504}, javascriptEnabled: true, networkConnectionEnabled: false, pageLoadStrategy: normal, platform: WINDOWS, platformName: WINDOWS, proxy: Proxy(), setWindowRect: true, strictFileInteractability: false, timeouts: {implicit: 0, pageLoad: 300000, script: 30000}, unhandledPromptBehavior: dismiss and notify, webauthn:extension:credBlob: true, webauthn:extension:largeBlob: true, webauthn:virtualAuthenticators: true}
Session ID: 4905817b30c1f3c853f8e7cd204df76f]]>
            </message>
            <full-stacktrace>
              <![CDATA[org.openqa.selenium.WebDriverException: unknown error: cannot determine loading status
from disconnected: received Inspector.detached event
  (Session info: chrome=104.0.5112.81)
Build info: version: '3.141.59', revision: 'e82be7d358', time: '2018-11-14T08:17:03'
System info: host: 'LAPTOP-1O88FB98', ip: '192.168.137.1', os.name: 'Windows 10', os.arch: 'amd64', os.version: '10.0', java.version: '16.0.1'
Driver info: org.openqa.selenium.chrome.ChromeDriver
Capabilities {acceptInsecureCerts: false, browserName: chrome, browserVersion: 104.0.5112.81, chrome: {chromedriverVersion: 104.0.5112.79 (3cf3e8c8a07d..., userDataDir: C:\Users\hp\AppData\Local\T...}, goog:chromeOptions: {debuggerAddress: localhost:56504}, javascriptEnabled: true, networkConnectionEnabled: false, pageLoadStrategy: normal, platform: WINDOWS, platformName: WINDOWS, proxy: Proxy(), setWindowRect: true, strictFileInteractability: false, timeouts: {implicit: 0, pageLoad: 300000, script: 30000}, unhandledPromptBehavior: dismiss and notify, webauthn:extension:credBlob: true, webauthn:extension:largeBlob: true, webauthn:virtualAuthenticators: true}
Session ID: 4905817b30c1f3c853f8e7cd204df76f
at java.base/jdk.internal.reflect.NativeConstructorAccessorImpl.newInstance0(Native Method)
at java.base/jdk.internal.reflect.NativeConstructorAccessorImpl.newInstance(NativeConstructorAccessorImpl.java:78)
at java.base/jdk.internal.reflect.DelegatingConstructorAccessorImpl.newInstance(DelegatingConstructorAccessorImpl.java:45)
at java.base/java.lang.reflect.Constructor.newInstanceWithCaller(Constructor.java:499)
at java.base/java.lang.reflect.Constructor.newInstance(Constructor.java:480)
at org.openqa.selenium.remote.http.W3CHttpResponseCodec.createException(W3CHttpResponseCodec.java:187)
at org.openqa.selenium.remote.http.W3CHttpResponseCodec.decode(W3CHttpResponseCodec.java:122)
at org.openqa.selenium.remote.http.W3CHttpResponseCodec.decode(W3CHttpResponseCodec.java:49)
at org.openqa.selenium.remote.HttpCommandExecutor.execute(HttpCommandExecutor.java:158)
at org.openqa.selenium.remote.service.DriverCommandExecutor.execute(DriverCommandExecutor.java:83)
at org.openqa.selenium.remote.RemoteWebDriver.execute(RemoteWebDriver.java:552)
at org.openqa.selenium.remote.RemoteWebDriver.get(RemoteWebDriver.java:277)
at comcast.vtiger.genericUtility.BaseClass.BM(BaseClass.java:74)
at java.base/jdk.internal.reflect.NativeMethodAccessorImpl.invoke0(Native Method)
at java.base/jdk.internal.reflect.NativeMethodAccessorImpl.invoke(NativeMethodAccessorImpl.java:78)
at java.base/jdk.internal.reflect.DelegatingMethodAccessorImpl.invoke(DelegatingMethodAccessorImpl.java:43)
at java.base/java.lang.reflect.Method.invoke(Method.java:567)
at org.testng.internal.MethodInvocationHelper.invokeMethod(MethodInvocationHelper.java:133)
at org.testng.internal.MethodInvocationHelper.invokeMethodConsideringTimeout(MethodInvocationHelper.java:62)
at org.testng.internal.ConfigInvoker.invokeConfigurationMethod(ConfigInvoker.java:385)
at org.testng.internal.ConfigInvoker.invokeConfigurations(ConfigInvoker.java:321)
at org.testng.internal.TestInvoker.runConfigMethods(TestInvoker.java:700)
at org.testng.internal.TestInvoker.invokeMethod(TestInvoker.java:527)
at org.testng.internal.TestInvoker.invokeTestMethod(TestInvoker.java:173)
at org.testng.internal.MethodRunner.runInSequence(MethodRunner.java:46)
at org.testng.internal.TestInvoker$MethodInvocationAgent.invoke(TestInvoker.java:824)
at org.testng.internal.TestInvoker.invokeTestMethods(TestInvoker.java:146)
at org.testng.internal.TestMethodWorker.invokeTestMethods(TestMethodWorker.java:146)
at org.testng.internal.TestMethodWorker.run(TestMethodWorker.java:128)
at java.base/java.util.ArrayList.forEach(ArrayList.java:1511)
at org.testng.TestRunner.privateRun(TestRunner.java:794)
at org.testng.TestRunner.run(TestRunner.java:596)
at org.testng.SuiteRunner.runTest(SuiteRunner.java:377)
at org.testng.SuiteRunner.access$000(SuiteRunner.java:28)
at org.testng.SuiteRunner$SuiteWorker.run(SuiteRunner.java:418)
at org.testng.internal.thread.ThreadUtil.lambda$execute$0(ThreadUtil.java:64)
at java.base/java.util.concurrent.FutureTask.run(FutureTask.java:264)
at java.base/java.util.concurrent.ThreadPoolExecutor.runWorker(ThreadPoolExecutor.java:1130)
at java.base/java.util.concurrent.ThreadPoolExecutor$Worker.run(ThreadPoolExecutor.java:630)
at java.base/java.lang.Thread.run(Thread.java:831)
]]>
            </full-stacktrace>
          </exception> <!-- org.openqa.selenium.WebDriverException -->
          <reporter-output>
          </reporter-output>
        </test-method> <!-- createDeletePro -->
        <test-method is-config="true" signature="AM()[pri:0, instance:com.crm.SDET.product.CreateDeleteProductGenTest@130c12b7]" started-at="2022-08-11T15:57:11 IST" name="AM" finished-at="1970-01-01T05:30:00 IST" duration-ms="-1660213631461" status="SKIP">
          <reporter-output>
          </reporter-output>
        </test-method> <!-- AM -->
        <test-method is-config="true" signature="AC()[pri:0, instance:com.crm.SDET.product.CreateDeleteProductGenTest@130c12b7]" started-at="2022-08-11T15:57:11 IST" name="AC" finished-at="1970-01-01T05:30:00 IST" duration-ms="-1660213631507" status="SKIP">
          <reporter-output>
          </reporter-output>
        </test-method> <!-- AC -->
        <test-method is-config="true" signature="AT()[pri:0, instance:com.crm.SDET.product.CreateDeleteProductGenTest@130c12b7]" started-at="2022-08-11T15:57:11 IST" name="AT" finished-at="2022-08-11T15:57:11 IST" duration-ms="1" status="PASS">
          <reporter-output>
          </reporter-output>
        </test-method> <!-- AT -->
      </class> <!-- com.crm.SDET.product.CreateDeleteProductGenTest -->
    </test> <!-- Test3 -->
    <test started-at="2022-08-11T15:57:00 IST" name="Test5" finished-at="2022-08-11T15:57:12 IST" duration-ms="12274">
      <class name="com.crm.campaign.CreateCampaignNproduct2Test">
        <test-method is-config="true" signature="BS()[pri:0, instance:com.crm.campaign.CreateCampaignNproduct2Test@4a883b15]" started-at="2022-08-11T15:57:00 IST" name="BS" finished-at="2022-08-11T15:57:00 IST" duration-ms="7" status="PASS">
          <reporter-output>
          </reporter-output>
        </test-method> <!-- BS -->
        <test-method is-config="true" signature="BT()[pri:0, instance:com.crm.campaign.CreateCampaignNproduct2Test@4a883b15]" started-at="2022-08-11T15:57:00 IST" name="BT" finished-at="2022-08-11T15:57:00 IST" duration-ms="1" status="PASS">
          <reporter-output>
          </reporter-output>
        </test-method> <!-- BT -->
        <test-method is-config="true" signature="BC()[pri:0, instance:com.crm.campaign.CreateCampaignNproduct2Test@4a883b15]" started-at="2022-08-11T15:57:00 IST" name="BC" finished-at="2022-08-11T15:57:09 IST" duration-ms="9476" status="PASS">
          <reporter-output>
          </reporter-output>
        </test-method> <!-- BC -->
        <test-method is-config="true" signature="BM()[pri:0, instance:com.crm.campaign.CreateCampaignNproduct2Test@4a883b15]" started-at="2022-08-11T15:57:09 IST" name="BM" finished-at="2022-08-11T15:57:12 IST" duration-ms="2681" status="FAIL">
          <exception class="org.openqa.selenium.WebDriverException">
            <message>
              <![CDATA[unknown error: cannot determine loading status
from disconnected: unable to send message to renderer
  (Session info: chrome=104.0.5112.81)
Build info: version: '3.141.59', revision: 'e82be7d358', time: '2018-11-14T08:17:03'
System info: host: 'LAPTOP-1O88FB98', ip: '192.168.137.1', os.name: 'Windows 10', os.arch: 'amd64', os.version: '10.0', java.version: '16.0.1'
Driver info: org.openqa.selenium.chrome.ChromeDriver
Capabilities {acceptInsecureCerts: false, browserName: chrome, browserVersion: 104.0.5112.81, chrome: {chromedriverVersion: 104.0.5112.79 (3cf3e8c8a07d..., userDataDir: C:\Users\hp\AppData\Local\T...}, goog:chromeOptions: {debuggerAddress: localhost:56502}, javascriptEnabled: true, networkConnectionEnabled: false, pageLoadStrategy: normal, platform: WINDOWS, platformName: WINDOWS, proxy: Proxy(), setWindowRect: true, strictFileInteractability: false, timeouts: {implicit: 0, pageLoad: 300000, script: 30000}, unhandledPromptBehavior: dismiss and notify, webauthn:extension:credBlob: true, webauthn:extension:largeBlob: true, webauthn:virtualAuthenticators: true}
Session ID: 1623836ad2c02b1e109c1dca131991ee]]>
            </message>
            <full-stacktrace>
              <![CDATA[org.openqa.selenium.WebDriverException: unknown error: cannot determine loading status
from disconnected: unable to send message to renderer
  (Session info: chrome=104.0.5112.81)
Build info: version: '3.141.59', revision: 'e82be7d358', time: '2018-11-14T08:17:03'
System info: host: 'LAPTOP-1O88FB98', ip: '192.168.137.1', os.name: 'Windows 10', os.arch: 'amd64', os.version: '10.0', java.version: '16.0.1'
Driver info: org.openqa.selenium.chrome.ChromeDriver
Capabilities {acceptInsecureCerts: false, browserName: chrome, browserVersion: 104.0.5112.81, chrome: {chromedriverVersion: 104.0.5112.79 (3cf3e8c8a07d..., userDataDir: C:\Users\hp\AppData\Local\T...}, goog:chromeOptions: {debuggerAddress: localhost:56502}, javascriptEnabled: true, networkConnectionEnabled: false, pageLoadStrategy: normal, platform: WINDOWS, platformName: WINDOWS, proxy: Proxy(), setWindowRect: true, strictFileInteractability: false, timeouts: {implicit: 0, pageLoad: 300000, script: 30000}, unhandledPromptBehavior: dismiss and notify, webauthn:extension:credBlob: true, webauthn:extension:largeBlob: true, webauthn:virtualAuthenticators: true}
Session ID: 1623836ad2c02b1e109c1dca131991ee
at java.base/jdk.internal.reflect.NativeConstructorAccessorImpl.newInstance0(Native Method)
at java.base/jdk.internal.reflect.NativeConstructorAccessorImpl.newInstance(NativeConstructorAccessorImpl.java:78)
at java.base/jdk.internal.reflect.DelegatingConstructorAccessorImpl.newInstance(DelegatingConstructorAccessorImpl.java:45)
at java.base/java.lang.reflect.Constructor.newInstanceWithCaller(Constructor.java:499)
at java.base/java.lang.reflect.Constructor.newInstance(Constructor.java:480)
at org.openqa.selenium.remote.http.W3CHttpResponseCodec.createException(W3CHttpResponseCodec.java:187)
at org.openqa.selenium.remote.http.W3CHttpResponseCodec.decode(W3CHttpResponseCodec.java:122)
at org.openqa.selenium.remote.http.W3CHttpResponseCodec.decode(W3CHttpResponseCodec.java:49)
at org.openqa.selenium.remote.HttpCommandExecutor.execute(HttpCommandExecutor.java:158)
at org.openqa.selenium.remote.service.DriverCommandExecutor.execute(DriverCommandExecutor.java:83)
at org.openqa.selenium.remote.RemoteWebDriver.execute(RemoteWebDriver.java:552)
at org.openqa.selenium.remote.RemoteWebDriver.get(RemoteWebDriver.java:277)
at comcast.vtiger.genericUtility.BaseClass.BM(BaseClass.java:74)
at java.base/jdk.internal.reflect.NativeMethodAccessorImpl.invoke0(Native Method)
at java.base/jdk.internal.reflect.NativeMethodAccessorImpl.invoke(NativeMethodAccessorImpl.java:78)
at java.base/jdk.internal.reflect.DelegatingMethodAccessorImpl.invoke(DelegatingMethodAccessorImpl.java:43)
at java.base/java.lang.reflect.Method.invoke(Method.java:567)
at org.testng.internal.MethodInvocationHelper.invokeMethod(MethodInvocationHelper.java:133)
at org.testng.internal.MethodInvocationHelper.invokeMethodConsideringTimeout(MethodInvocationHelper.java:62)
at org.testng.internal.ConfigInvoker.invokeConfigurationMethod(ConfigInvoker.java:385)
at org.testng.internal.ConfigInvoker.invokeConfigurations(ConfigInvoker.java:321)
at org.testng.internal.TestInvoker.runConfigMethods(TestInvoker.java:700)
at org.testng.internal.TestInvoker.invokeMethod(TestInvoker.java:527)
at org.testng.internal.TestInvoker.invokeTestMethod(TestInvoker.java:173)
at org.testng.internal.MethodRunner.runInSequence(MethodRunner.java:46)
at org.testng.internal.TestInvoker$MethodInvocationAgent.invoke(TestInvoker.java:824)
at org.testng.internal.TestInvoker.invokeTestMethods(TestInvoker.java:146)
at org.testng.internal.TestMethodWorker.invokeTestMethods(TestMethodWorker.java:146)
at org.testng.internal.TestMethodWorker.run(TestMethodWorker.java:128)
at java.base/java.util.ArrayList.forEach(ArrayList.java:1511)
at org.testng.TestRunner.privateRun(TestRunner.java:794)
at org.testng.TestRunner.run(TestRunner.java:596)
at org.testng.SuiteRunner.runTest(SuiteRunner.java:377)
at org.testng.SuiteRunner.access$000(SuiteRunner.java:28)
at org.testng.SuiteRunner$SuiteWorker.run(SuiteRunner.java:418)
at org.testng.internal.thread.ThreadUtil.lambda$execute$0(ThreadUtil.java:64)
at java.base/java.util.concurrent.FutureTask.run(FutureTask.java:264)
at java.base/java.util.concurrent.ThreadPoolExecutor.runWorker(ThreadPoolExecutor.java:1130)
at java.base/java.util.concurrent.ThreadPoolExecutor$Worker.run(ThreadPoolExecutor.java:630)
at java.base/java.lang.Thread.run(Thread.java:831)
]]>
            </full-stacktrace>
          </exception> <!-- org.openqa.selenium.WebDriverException -->
          <reporter-output>
          </reporter-output>
        </test-method> <!-- BM -->
        <test-method signature="createProAndCampaign()[pri:0, instance:com.crm.campaign.CreateCampaignNproduct2Test@4a883b15]" started-at="2022-08-11T15:57:12 IST" name="createProAndCampaign" finished-at="2022-08-11T15:57:12 IST" duration-ms="0" status="SKIP">
          <exception class="org.openqa.selenium.WebDriverException">
            <message>
              <![CDATA[unknown error: cannot determine loading status
from disconnected: unable to send message to renderer
  (Session info: chrome=104.0.5112.81)
Build info: version: '3.141.59', revision: 'e82be7d358', time: '2018-11-14T08:17:03'
System info: host: 'LAPTOP-1O88FB98', ip: '192.168.137.1', os.name: 'Windows 10', os.arch: 'amd64', os.version: '10.0', java.version: '16.0.1'
Driver info: org.openqa.selenium.chrome.ChromeDriver
Capabilities {acceptInsecureCerts: false, browserName: chrome, browserVersion: 104.0.5112.81, chrome: {chromedriverVersion: 104.0.5112.79 (3cf3e8c8a07d..., userDataDir: C:\Users\hp\AppData\Local\T...}, goog:chromeOptions: {debuggerAddress: localhost:56502}, javascriptEnabled: true, networkConnectionEnabled: false, pageLoadStrategy: normal, platform: WINDOWS, platformName: WINDOWS, proxy: Proxy(), setWindowRect: true, strictFileInteractability: false, timeouts: {implicit: 0, pageLoad: 300000, script: 30000}, unhandledPromptBehavior: dismiss and notify, webauthn:extension:credBlob: true, webauthn:extension:largeBlob: true, webauthn:virtualAuthenticators: true}
Session ID: 1623836ad2c02b1e109c1dca131991ee]]>
            </message>
            <full-stacktrace>
              <![CDATA[org.openqa.selenium.WebDriverException: unknown error: cannot determine loading status
from disconnected: unable to send message to renderer
  (Session info: chrome=104.0.5112.81)
Build info: version: '3.141.59', revision: 'e82be7d358', time: '2018-11-14T08:17:03'
System info: host: 'LAPTOP-1O88FB98', ip: '192.168.137.1', os.name: 'Windows 10', os.arch: 'amd64', os.version: '10.0', java.version: '16.0.1'
Driver info: org.openqa.selenium.chrome.ChromeDriver
Capabilities {acceptInsecureCerts: false, browserName: chrome, browserVersion: 104.0.5112.81, chrome: {chromedriverVersion: 104.0.5112.79 (3cf3e8c8a07d..., userDataDir: C:\Users\hp\AppData\Local\T...}, goog:chromeOptions: {debuggerAddress: localhost:56502}, javascriptEnabled: true, networkConnectionEnabled: false, pageLoadStrategy: normal, platform: WINDOWS, platformName: WINDOWS, proxy: Proxy(), setWindowRect: true, strictFileInteractability: false, timeouts: {implicit: 0, pageLoad: 300000, script: 30000}, unhandledPromptBehavior: dismiss and notify, webauthn:extension:credBlob: true, webauthn:extension:largeBlob: true, webauthn:virtualAuthenticators: true}
Session ID: 1623836ad2c02b1e109c1dca131991ee
at java.base/jdk.internal.reflect.NativeConstructorAccessorImpl.newInstance0(Native Method)
at java.base/jdk.internal.reflect.NativeConstructorAccessorImpl.newInstance(NativeConstructorAccessorImpl.java:78)
at java.base/jdk.internal.reflect.DelegatingConstructorAccessorImpl.newInstance(DelegatingConstructorAccessorImpl.java:45)
at java.base/java.lang.reflect.Constructor.newInstanceWithCaller(Constructor.java:499)
at java.base/java.lang.reflect.Constructor.newInstance(Constructor.java:480)
at org.openqa.selenium.remote.http.W3CHttpResponseCodec.createException(W3CHttpResponseCodec.java:187)
at org.openqa.selenium.remote.http.W3CHttpResponseCodec.decode(W3CHttpResponseCodec.java:122)
at org.openqa.selenium.remote.http.W3CHttpResponseCodec.decode(W3CHttpResponseCodec.java:49)
at org.openqa.selenium.remote.HttpCommandExecutor.execute(HttpCommandExecutor.java:158)
at org.openqa.selenium.remote.service.DriverCommandExecutor.execute(DriverCommandExecutor.java:83)
at org.openqa.selenium.remote.RemoteWebDriver.execute(RemoteWebDriver.java:552)
at org.openqa.selenium.remote.RemoteWebDriver.get(RemoteWebDriver.java:277)
at comcast.vtiger.genericUtility.BaseClass.BM(BaseClass.java:74)
at java.base/jdk.internal.reflect.NativeMethodAccessorImpl.invoke0(Native Method)
at java.base/jdk.internal.reflect.NativeMethodAccessorImpl.invoke(NativeMethodAccessorImpl.java:78)
at java.base/jdk.internal.reflect.DelegatingMethodAccessorImpl.invoke(DelegatingMethodAccessorImpl.java:43)
at java.base/java.lang.reflect.Method.invoke(Method.java:567)
at org.testng.internal.MethodInvocationHelper.invokeMethod(MethodInvocationHelper.java:133)
at org.testng.internal.MethodInvocationHelper.invokeMethodConsideringTimeout(MethodInvocationHelper.java:62)
at org.testng.internal.ConfigInvoker.invokeConfigurationMethod(ConfigInvoker.java:385)
at org.testng.internal.ConfigInvoker.invokeConfigurations(ConfigInvoker.java:321)
at org.testng.internal.TestInvoker.runConfigMethods(TestInvoker.java:700)
at org.testng.internal.TestInvoker.invokeMethod(TestInvoker.java:527)
at org.testng.internal.TestInvoker.invokeTestMethod(TestInvoker.java:173)
at org.testng.internal.MethodRunner.runInSequence(MethodRunner.java:46)
at org.testng.internal.TestInvoker$MethodInvocationAgent.invoke(TestInvoker.java:824)
at org.testng.internal.TestInvoker.invokeTestMethods(TestInvoker.java:146)
at org.testng.internal.TestMethodWorker.invokeTestMethods(TestMethodWorker.java:146)
at org.testng.internal.TestMethodWorker.run(TestMethodWorker.java:128)
at java.base/java.util.ArrayList.forEach(ArrayList.java:1511)
at org.testng.TestRunner.privateRun(TestRunner.java:794)
at org.testng.TestRunner.run(TestRunner.java:596)
at org.testng.SuiteRunner.runTest(SuiteRunner.java:377)
at org.testng.SuiteRunner.access$000(SuiteRunner.java:28)
at org.testng.SuiteRunner$SuiteWorker.run(SuiteRunner.java:418)
at org.testng.internal.thread.ThreadUtil.lambda$execute$0(ThreadUtil.java:64)
at java.base/java.util.concurrent.FutureTask.run(FutureTask.java:264)
at java.base/java.util.concurrent.ThreadPoolExecutor.runWorker(ThreadPoolExecutor.java:1130)
at java.base/java.util.concurrent.ThreadPoolExecutor$Worker.run(ThreadPoolExecutor.java:630)
at java.base/java.lang.Thread.run(Thread.java:831)
]]>
            </full-stacktrace>
          </exception> <!-- org.openqa.selenium.WebDriverException -->
          <reporter-output>
          </reporter-output>
        </test-method> <!-- createProAndCampaign -->
        <test-method is-config="true" signature="AM()[pri:0, instance:com.crm.campaign.CreateCampaignNproduct2Test@4a883b15]" started-at="2022-08-11T15:57:12 IST" name="AM" finished-at="1970-01-01T05:30:00 IST" duration-ms="-1660213632377" status="SKIP">
          <reporter-output>
          </reporter-output>
        </test-method> <!-- AM -->
        <test-method is-config="true" signature="AC()[pri:0, instance:com.crm.campaign.CreateCampaignNproduct2Test@4a883b15]" started-at="2022-08-11T15:57:12 IST" name="AC" finished-at="1970-01-01T05:30:00 IST" duration-ms="-1660213632383" status="SKIP">
          <reporter-output>
          </reporter-output>
        </test-method> <!-- AC -->
        <test-method is-config="true" signature="AT()[pri:0, instance:com.crm.campaign.CreateCampaignNproduct2Test@4a883b15]" started-at="2022-08-11T15:57:12 IST" name="AT" finished-at="2022-08-11T15:57:12 IST" duration-ms="1" status="PASS">
          <reporter-output>
          </reporter-output>
        </test-method> <!-- AT -->
        <test-method is-config="true" signature="AS()[pri:0, instance:com.crm.campaign.CreateCampaignNproduct2Test@4a883b15]" started-at="2022-08-11T15:57:13 IST" name="AS" finished-at="2022-08-11T15:57:13 IST" duration-ms="1" status="PASS">
          <reporter-output>
          </reporter-output>
        </test-method> <!-- AS -->
      </class> <!-- com.crm.campaign.CreateCampaignNproduct2Test -->
    </test> <!-- Test5 -->
    <test started-at="2022-08-11T15:57:00 IST" name="Test1" finished-at="2022-08-11T15:57:12 IST" duration-ms="12841">
      <class name="com.crm.campaign.CreateCampaignFromGenTest">
        <test-method is-config="true" signature="BT()[pri:0, instance:com.crm.campaign.CreateCampaignFromGenTest@3a44431a]" started-at="2022-08-11T15:57:00 IST" name="BT" finished-at="2022-08-11T15:57:00 IST" duration-ms="1" status="PASS">
          <reporter-output>
          </reporter-output>
        </test-method> <!-- BT -->
        <test-method is-config="true" signature="BC()[pri:0, instance:com.crm.campaign.CreateCampaignFromGenTest@3a44431a]" started-at="2022-08-11T15:57:00 IST" name="BC" finished-at="2022-08-11T15:57:12 IST" duration-ms="12811" status="FAIL">
          <exception class="org.openqa.selenium.SessionNotCreatedException">
            <message>
              <![CDATA[session not created
from disconnected: received Inspector.detached event
  (Session info: chrome=104.0.5112.81)
Build info: version: '3.141.59', revision: 'e82be7d358', time: '2018-11-14T08:17:03'
System info: host: 'LAPTOP-1O88FB98', ip: '192.168.137.1', os.name: 'Windows 10', os.arch: 'amd64', os.version: '10.0', java.version: '16.0.1'
Driver info: driver.version: ChromeDriver
remote stacktrace: Backtrace:
Ordinal0 [0x00A078B3+2193587]
Ordinal0 [0x009A0681+1771137]
Ordinal0 [0x008B41A8+803240]
Ordinal0 [0x008A7E1E+753182]
Ordinal0 [0x008A7A0F+752143]
Ordinal0 [0x008A6FAF+749487]
Ordinal0 [0x008A5E94+745108]
Ordinal0 [0x008A636D+746349]
Ordinal0 [0x008A5AA5+744101]
Ordinal0 [0x008AFD53+785747]
Ordinal0 [0x008A5A55+744021]
Ordinal0 [0x008A6B58+748376]
Ordinal0 [0x008A5E94+745108]
Ordinal0 [0x008A636D+746349]
Ordinal0 [0x008A5AA5+744101]
Ordinal0 [0x008ADA58+776792]
Ordinal0 [0x008A5A55+744021]
Ordinal0 [0x008A6B58+748376]
Ordinal0 [0x008A5E94+745108]
Ordinal0 [0x008A636D+746349]
Ordinal0 [0x008A5AA5+744101]
Ordinal0 [0x008AB452+767058]
Ordinal0 [0x008A5A55+744021]
Ordinal0 [0x008A6B58+748376]
Ordinal0 [0x008A5E94+745108]
Ordinal0 [0x008A636D+746349]
Ordinal0 [0x008A5AA5+744101]
Ordinal0 [0x008A148D+726157]
Ordinal0 [0x008A5A55+744021]
Ordinal0 [0x008A57E0+743392]
Ordinal0 [0x008A5529+742697]
Ordinal0 [0x008B5500+808192]
Ordinal0 [0x00903449+1127497]
Ordinal0 [0x0090200A+1122314]
Ordinal0 [0x008FD5C6+1103302]
Ordinal0 [0x008D77E0+948192]
Ordinal0 [0x008D86E6+952038]
GetHandleVerifier [0x00CB0CB2+2738370]
GetHandleVerifier [0x00CA21B8+2678216]
GetHandleVerifier [0x00A917AA+512954]
GetHandleVerifier [0x00A90856+509030]
Ordinal0 [0x009A743B+1799227]
Ordinal0 [0x009ABB68+1817448]
Ordinal0 [0x009ABC55+1817685]
Ordinal0 [0x009B5230+1856048]
BaseThreadInitThunk [0x76316739+25]
RtlGetFullPathName_UEx [0x77AC8FEF+1215]
RtlGetFullPathName_UEx [0x77AC8FBD+1165]
]]>
            </message>
            <full-stacktrace>
              <![CDATA[org.openqa.selenium.SessionNotCreatedException: session not created
from disconnected: received Inspector.detached event
  (Session info: chrome=104.0.5112.81)
Build info: version: '3.141.59', revision: 'e82be7d358', time: '2018-11-14T08:17:03'
System info: host: 'LAPTOP-1O88FB98', ip: '192.168.137.1', os.name: 'Windows 10', os.arch: 'amd64', os.version: '10.0', java.version: '16.0.1'
Driver info: driver.version: ChromeDriver
remote stacktrace: Backtrace:
Ordinal0 [0x00A078B3+2193587]
Ordinal0 [0x009A0681+1771137]
Ordinal0 [0x008B41A8+803240]
Ordinal0 [0x008A7E1E+753182]
Ordinal0 [0x008A7A0F+752143]
Ordinal0 [0x008A6FAF+749487]
Ordinal0 [0x008A5E94+745108]
Ordinal0 [0x008A636D+746349]
Ordinal0 [0x008A5AA5+744101]
Ordinal0 [0x008AFD53+785747]
Ordinal0 [0x008A5A55+744021]
Ordinal0 [0x008A6B58+748376]
Ordinal0 [0x008A5E94+745108]
Ordinal0 [0x008A636D+746349]
Ordinal0 [0x008A5AA5+744101]
Ordinal0 [0x008ADA58+776792]
Ordinal0 [0x008A5A55+744021]
Ordinal0 [0x008A6B58+748376]
Ordinal0 [0x008A5E94+745108]
Ordinal0 [0x008A636D+746349]
Ordinal0 [0x008A5AA5+744101]
Ordinal0 [0x008AB452+767058]
Ordinal0 [0x008A5A55+744021]
Ordinal0 [0x008A6B58+748376]
Ordinal0 [0x008A5E94+745108]
Ordinal0 [0x008A636D+746349]
Ordinal0 [0x008A5AA5+744101]
Ordinal0 [0x008A148D+726157]
Ordinal0 [0x008A5A55+744021]
Ordinal0 [0x008A57E0+743392]
Ordinal0 [0x008A5529+742697]
Ordinal0 [0x008B5500+808192]
Ordinal0 [0x00903449+1127497]
Ordinal0 [0x0090200A+1122314]
Ordinal0 [0x008FD5C6+1103302]
Ordinal0 [0x008D77E0+948192]
Ordinal0 [0x008D86E6+952038]
GetHandleVerifier [0x00CB0CB2+2738370]
GetHandleVerifier [0x00CA21B8+2678216]
GetHandleVerifier [0x00A917AA+512954]
GetHandleVerifier [0x00A90856+509030]
Ordinal0 [0x009A743B+1799227]
Ordinal0 [0x009ABB68+1817448]
Ordinal0 [0x009ABC55+1817685]
Ordinal0 [0x009B5230+1856048]
BaseThreadInitThunk [0x76316739+25]
RtlGetFullPathName_UEx [0x77AC8FEF+1215]
RtlGetFullPathName_UEx [0x77AC8FBD+1165]

at java.base/jdk.internal.reflect.NativeConstructorAccessorImpl.newInstance0(Native Method)
at java.base/jdk.internal.reflect.NativeConstructorAccessorImpl.newInstance(NativeConstructorAccessorImpl.java:78)
at java.base/jdk.internal.reflect.DelegatingConstructorAccessorImpl.newInstance(DelegatingConstructorAccessorImpl.java:45)
at java.base/java.lang.reflect.Constructor.newInstanceWithCaller(Constructor.java:499)
at java.base/java.lang.reflect.Constructor.newInstance(Constructor.java:480)
at org.openqa.selenium.remote.W3CHandshakeResponse.lambda$errorHandler$0(W3CHandshakeResponse.java:62)
at org.openqa.selenium.remote.HandshakeResponse.lambda$getResponseFunction$0(HandshakeResponse.java:30)
at org.openqa.selenium.remote.ProtocolHandshake.lambda$createSession$0(ProtocolHandshake.java:126)
at java.base/java.util.stream.ReferencePipeline$3$1.accept(ReferencePipeline.java:197)
at java.base/java.util.Spliterators$ArraySpliterator.tryAdvance(Spliterators.java:958)
at java.base/java.util.stream.ReferencePipeline.forEachWithCancel(ReferencePipeline.java:129)
at java.base/java.util.stream.AbstractPipeline.copyIntoWithCancel(AbstractPipeline.java:502)
at java.base/java.util.stream.AbstractPipeline.copyInto(AbstractPipeline.java:488)
at java.base/java.util.stream.AbstractPipeline.wrapAndCopyInto(AbstractPipeline.java:474)
at java.base/java.util.stream.FindOps$FindOp.evaluateSequential(FindOps.java:150)
at java.base/java.util.stream.AbstractPipeline.evaluate(AbstractPipeline.java:234)
at java.base/java.util.stream.ReferencePipeline.findFirst(ReferencePipeline.java:647)
at org.openqa.selenium.remote.ProtocolHandshake.createSession(ProtocolHandshake.java:128)
at org.openqa.selenium.remote.ProtocolHandshake.createSession(ProtocolHandshake.java:74)
at org.openqa.selenium.remote.HttpCommandExecutor.execute(HttpCommandExecutor.java:136)
at org.openqa.selenium.remote.service.DriverCommandExecutor.execute(DriverCommandExecutor.java:83)
at org.openqa.selenium.remote.RemoteWebDriver.execute(RemoteWebDriver.java:552)
at org.openqa.selenium.remote.RemoteWebDriver.startSession(RemoteWebDriver.java:213)
at org.openqa.selenium.remote.RemoteWebDriver.<init>(RemoteWebDriver.java:131)
at org.openqa.selenium.chrome.ChromeDriver.<init>(ChromeDriver.java:181)
at org.openqa.selenium.chrome.ChromeDriver.<init>(ChromeDriver.java:168)
at org.openqa.selenium.chrome.ChromeDriver.<init>(ChromeDriver.java:123)
at comcast.vtiger.genericUtility.BaseClass.BC(BaseClass.java:46)
at java.base/jdk.internal.reflect.NativeMethodAccessorImpl.invoke0(Native Method)
at java.base/jdk.internal.reflect.NativeMethodAccessorImpl.invoke(NativeMethodAccessorImpl.java:78)
at java.base/jdk.internal.reflect.DelegatingMethodAccessorImpl.invoke(DelegatingMethodAccessorImpl.java:43)
at java.base/java.lang.reflect.Method.invoke(Method.java:567)
at org.testng.internal.MethodInvocationHelper.invokeMethod(MethodInvocationHelper.java:133)
at org.testng.internal.MethodInvocationHelper.invokeMethodConsideringTimeout(MethodInvocationHelper.java:62)
at org.testng.internal.ConfigInvoker.invokeConfigurationMethod(ConfigInvoker.java:385)
at org.testng.internal.ConfigInvoker.invokeConfigurations(ConfigInvoker.java:321)
at org.testng.internal.TestMethodWorker.invokeBeforeClassMethods(TestMethodWorker.java:176)
at org.testng.internal.TestMethodWorker.run(TestMethodWorker.java:122)
at java.base/java.util.ArrayList.forEach(ArrayList.java:1511)
at org.testng.TestRunner.privateRun(TestRunner.java:794)
at org.testng.TestRunner.run(TestRunner.java:596)
at org.testng.SuiteRunner.runTest(SuiteRunner.java:377)
at org.testng.SuiteRunner.access$000(SuiteRunner.java:28)
at org.testng.SuiteRunner$SuiteWorker.run(SuiteRunner.java:418)
at org.testng.internal.thread.ThreadUtil.lambda$execute$0(ThreadUtil.java:64)
at java.base/java.util.concurrent.FutureTask.run(FutureTask.java:264)
at java.base/java.util.concurrent.ThreadPoolExecutor.runWorker(ThreadPoolExecutor.java:1130)
at java.base/java.util.concurrent.ThreadPoolExecutor$Worker.run(ThreadPoolExecutor.java:630)
at java.base/java.lang.Thread.run(Thread.java:831)
]]>
            </full-stacktrace>
          </exception> <!-- org.openqa.selenium.SessionNotCreatedException -->
          <reporter-output>
          </reporter-output>
        </test-method> <!-- BC -->
        <test-method is-config="true" signature="BM()[pri:0, instance:com.crm.campaign.CreateCampaignFromGenTest@3a44431a]" started-at="2022-08-11T15:57:12 IST" name="BM" finished-at="1970-01-01T05:30:00 IST" duration-ms="-1660213632949" status="SKIP">
          <reporter-output>
          </reporter-output>
        </test-method> <!-- BM -->
        <test-method signature="createCampaign()[pri:0, instance:com.crm.campaign.CreateCampaignFromGenTest@3a44431a]" started-at="2022-08-11T15:57:12 IST" name="createCampaign" finished-at="2022-08-11T15:57:12 IST" duration-ms="0" status="SKIP">
          <exception class="org.openqa.selenium.SessionNotCreatedException">
            <message>
              <![CDATA[session not created
from disconnected: received Inspector.detached event
  (Session info: chrome=104.0.5112.81)
Build info: version: '3.141.59', revision: 'e82be7d358', time: '2018-11-14T08:17:03'
System info: host: 'LAPTOP-1O88FB98', ip: '192.168.137.1', os.name: 'Windows 10', os.arch: 'amd64', os.version: '10.0', java.version: '16.0.1'
Driver info: driver.version: ChromeDriver
remote stacktrace: Backtrace:
Ordinal0 [0x00A078B3+2193587]
Ordinal0 [0x009A0681+1771137]
Ordinal0 [0x008B41A8+803240]
Ordinal0 [0x008A7E1E+753182]
Ordinal0 [0x008A7A0F+752143]
Ordinal0 [0x008A6FAF+749487]
Ordinal0 [0x008A5E94+745108]
Ordinal0 [0x008A636D+746349]
Ordinal0 [0x008A5AA5+744101]
Ordinal0 [0x008AFD53+785747]
Ordinal0 [0x008A5A55+744021]
Ordinal0 [0x008A6B58+748376]
Ordinal0 [0x008A5E94+745108]
Ordinal0 [0x008A636D+746349]
Ordinal0 [0x008A5AA5+744101]
Ordinal0 [0x008ADA58+776792]
Ordinal0 [0x008A5A55+744021]
Ordinal0 [0x008A6B58+748376]
Ordinal0 [0x008A5E94+745108]
Ordinal0 [0x008A636D+746349]
Ordinal0 [0x008A5AA5+744101]
Ordinal0 [0x008AB452+767058]
Ordinal0 [0x008A5A55+744021]
Ordinal0 [0x008A6B58+748376]
Ordinal0 [0x008A5E94+745108]
Ordinal0 [0x008A636D+746349]
Ordinal0 [0x008A5AA5+744101]
Ordinal0 [0x008A148D+726157]
Ordinal0 [0x008A5A55+744021]
Ordinal0 [0x008A57E0+743392]
Ordinal0 [0x008A5529+742697]
Ordinal0 [0x008B5500+808192]
Ordinal0 [0x00903449+1127497]
Ordinal0 [0x0090200A+1122314]
Ordinal0 [0x008FD5C6+1103302]
Ordinal0 [0x008D77E0+948192]
Ordinal0 [0x008D86E6+952038]
GetHandleVerifier [0x00CB0CB2+2738370]
GetHandleVerifier [0x00CA21B8+2678216]
GetHandleVerifier [0x00A917AA+512954]
GetHandleVerifier [0x00A90856+509030]
Ordinal0 [0x009A743B+1799227]
Ordinal0 [0x009ABB68+1817448]
Ordinal0 [0x009ABC55+1817685]
Ordinal0 [0x009B5230+1856048]
BaseThreadInitThunk [0x76316739+25]
RtlGetFullPathName_UEx [0x77AC8FEF+1215]
RtlGetFullPathName_UEx [0x77AC8FBD+1165]
]]>
            </message>
            <full-stacktrace>
              <![CDATA[org.openqa.selenium.SessionNotCreatedException: session not created
from disconnected: received Inspector.detached event
  (Session info: chrome=104.0.5112.81)
Build info: version: '3.141.59', revision: 'e82be7d358', time: '2018-11-14T08:17:03'
System info: host: 'LAPTOP-1O88FB98', ip: '192.168.137.1', os.name: 'Windows 10', os.arch: 'amd64', os.version: '10.0', java.version: '16.0.1'
Driver info: driver.version: ChromeDriver
remote stacktrace: Backtrace:
Ordinal0 [0x00A078B3+2193587]
Ordinal0 [0x009A0681+1771137]
Ordinal0 [0x008B41A8+803240]
Ordinal0 [0x008A7E1E+753182]
Ordinal0 [0x008A7A0F+752143]
Ordinal0 [0x008A6FAF+749487]
Ordinal0 [0x008A5E94+745108]
Ordinal0 [0x008A636D+746349]
Ordinal0 [0x008A5AA5+744101]
Ordinal0 [0x008AFD53+785747]
Ordinal0 [0x008A5A55+744021]
Ordinal0 [0x008A6B58+748376]
Ordinal0 [0x008A5E94+745108]
Ordinal0 [0x008A636D+746349]
Ordinal0 [0x008A5AA5+744101]
Ordinal0 [0x008ADA58+776792]
Ordinal0 [0x008A5A55+744021]
Ordinal0 [0x008A6B58+748376]
Ordinal0 [0x008A5E94+745108]
Ordinal0 [0x008A636D+746349]
Ordinal0 [0x008A5AA5+744101]
Ordinal0 [0x008AB452+767058]
Ordinal0 [0x008A5A55+744021]
Ordinal0 [0x008A6B58+748376]
Ordinal0 [0x008A5E94+745108]
Ordinal0 [0x008A636D+746349]
Ordinal0 [0x008A5AA5+744101]
Ordinal0 [0x008A148D+726157]
Ordinal0 [0x008A5A55+744021]
Ordinal0 [0x008A57E0+743392]
Ordinal0 [0x008A5529+742697]
Ordinal0 [0x008B5500+808192]
Ordinal0 [0x00903449+1127497]
Ordinal0 [0x0090200A+1122314]
Ordinal0 [0x008FD5C6+1103302]
Ordinal0 [0x008D77E0+948192]
Ordinal0 [0x008D86E6+952038]
GetHandleVerifier [0x00CB0CB2+2738370]
GetHandleVerifier [0x00CA21B8+2678216]
GetHandleVerifier [0x00A917AA+512954]
GetHandleVerifier [0x00A90856+509030]
Ordinal0 [0x009A743B+1799227]
Ordinal0 [0x009ABB68+1817448]
Ordinal0 [0x009ABC55+1817685]
Ordinal0 [0x009B5230+1856048]
BaseThreadInitThunk [0x76316739+25]
RtlGetFullPathName_UEx [0x77AC8FEF+1215]
RtlGetFullPathName_UEx [0x77AC8FBD+1165]

at java.base/jdk.internal.reflect.NativeConstructorAccessorImpl.newInstance0(Native Method)
at java.base/jdk.internal.reflect.NativeConstructorAccessorImpl.newInstance(NativeConstructorAccessorImpl.java:78)
at java.base/jdk.internal.reflect.DelegatingConstructorAccessorImpl.newInstance(DelegatingConstructorAccessorImpl.java:45)
at java.base/java.lang.reflect.Constructor.newInstanceWithCaller(Constructor.java:499)
at java.base/java.lang.reflect.Constructor.newInstance(Constructor.java:480)
at org.openqa.selenium.remote.W3CHandshakeResponse.lambda$errorHandler$0(W3CHandshakeResponse.java:62)
at org.openqa.selenium.remote.HandshakeResponse.lambda$getResponseFunction$0(HandshakeResponse.java:30)
at org.openqa.selenium.remote.ProtocolHandshake.lambda$createSession$0(ProtocolHandshake.java:126)
at java.base/java.util.stream.ReferencePipeline$3$1.accept(ReferencePipeline.java:197)
at java.base/java.util.Spliterators$ArraySpliterator.tryAdvance(Spliterators.java:958)
at java.base/java.util.stream.ReferencePipeline.forEachWithCancel(ReferencePipeline.java:129)
at java.base/java.util.stream.AbstractPipeline.copyIntoWithCancel(AbstractPipeline.java:502)
at java.base/java.util.stream.AbstractPipeline.copyInto(AbstractPipeline.java:488)
at java.base/java.util.stream.AbstractPipeline.wrapAndCopyInto(AbstractPipeline.java:474)
at java.base/java.util.stream.FindOps$FindOp.evaluateSequential(FindOps.java:150)
at java.base/java.util.stream.AbstractPipeline.evaluate(AbstractPipeline.java:234)
at java.base/java.util.stream.ReferencePipeline.findFirst(ReferencePipeline.java:647)
at org.openqa.selenium.remote.ProtocolHandshake.createSession(ProtocolHandshake.java:128)
at org.openqa.selenium.remote.ProtocolHandshake.createSession(ProtocolHandshake.java:74)
at org.openqa.selenium.remote.HttpCommandExecutor.execute(HttpCommandExecutor.java:136)
at org.openqa.selenium.remote.service.DriverCommandExecutor.execute(DriverCommandExecutor.java:83)
at org.openqa.selenium.remote.RemoteWebDriver.execute(RemoteWebDriver.java:552)
at org.openqa.selenium.remote.RemoteWebDriver.startSession(RemoteWebDriver.java:213)
at org.openqa.selenium.remote.RemoteWebDriver.<init>(RemoteWebDriver.java:131)
at org.openqa.selenium.chrome.ChromeDriver.<init>(ChromeDriver.java:181)
at org.openqa.selenium.chrome.ChromeDriver.<init>(ChromeDriver.java:168)
at org.openqa.selenium.chrome.ChromeDriver.<init>(ChromeDriver.java:123)
at comcast.vtiger.genericUtility.BaseClass.BC(BaseClass.java:46)
at java.base/jdk.internal.reflect.NativeMethodAccessorImpl.invoke0(Native Method)
at java.base/jdk.internal.reflect.NativeMethodAccessorImpl.invoke(NativeMethodAccessorImpl.java:78)
at java.base/jdk.internal.reflect.DelegatingMethodAccessorImpl.invoke(DelegatingMethodAccessorImpl.java:43)
at java.base/java.lang.reflect.Method.invoke(Method.java:567)
at org.testng.internal.MethodInvocationHelper.invokeMethod(MethodInvocationHelper.java:133)
at org.testng.internal.MethodInvocationHelper.invokeMethodConsideringTimeout(MethodInvocationHelper.java:62)
at org.testng.internal.ConfigInvoker.invokeConfigurationMethod(ConfigInvoker.java:385)
at org.testng.internal.ConfigInvoker.invokeConfigurations(ConfigInvoker.java:321)
at org.testng.internal.TestMethodWorker.invokeBeforeClassMethods(TestMethodWorker.java:176)
at org.testng.internal.TestMethodWorker.run(TestMethodWorker.java:122)
at java.base/java.util.ArrayList.forEach(ArrayList.java:1511)
at org.testng.TestRunner.privateRun(TestRunner.java:794)
at org.testng.TestRunner.run(TestRunner.java:596)
at org.testng.SuiteRunner.runTest(SuiteRunner.java:377)
at org.testng.SuiteRunner.access$000(SuiteRunner.java:28)
at org.testng.SuiteRunner$SuiteWorker.run(SuiteRunner.java:418)
at org.testng.internal.thread.ThreadUtil.lambda$execute$0(ThreadUtil.java:64)
at java.base/java.util.concurrent.FutureTask.run(FutureTask.java:264)
at java.base/java.util.concurrent.ThreadPoolExecutor.runWorker(ThreadPoolExecutor.java:1130)
at java.base/java.util.concurrent.ThreadPoolExecutor$Worker.run(ThreadPoolExecutor.java:630)
at java.base/java.lang.Thread.run(Thread.java:831)
]]>
            </full-stacktrace>
          </exception> <!-- org.openqa.selenium.SessionNotCreatedException -->
          <reporter-output>
          </reporter-output>
        </test-method> <!-- createCampaign -->
        <test-method is-config="true" signature="AM()[pri:0, instance:com.crm.campaign.CreateCampaignFromGenTest@3a44431a]" started-at="2022-08-11T15:57:12 IST" name="AM" finished-at="1970-01-01T05:30:00 IST" duration-ms="-1660213632954" status="SKIP">
          <reporter-output>
          </reporter-output>
        </test-method> <!-- AM -->
        <test-method is-config="true" signature="AC()[pri:0, instance:com.crm.campaign.CreateCampaignFromGenTest@3a44431a]" started-at="2022-08-11T15:57:12 IST" name="AC" finished-at="1970-01-01T05:30:00 IST" duration-ms="-1660213632955" status="SKIP">
          <reporter-output>
          </reporter-output>
        </test-method> <!-- AC -->
        <test-method is-config="true" signature="AT()[pri:0, instance:com.crm.campaign.CreateCampaignFromGenTest@3a44431a]" started-at="2022-08-11T15:57:12 IST" name="AT" finished-at="2022-08-11T15:57:12 IST" duration-ms="0" status="PASS">
          <reporter-output>
          </reporter-output>
        </test-method> <!-- AT -->
      </class> <!-- com.crm.campaign.CreateCampaignFromGenTest -->
    </test> <!-- Test1 -->
    <test started-at="2022-08-11T15:57:00 IST" name="Test4" finished-at="2022-08-11T15:57:13 IST" duration-ms="12891">
      <class name="com.crm.SDET.product.ProductGenTest">
        <test-method is-config="true" signature="BT()[pri:0, instance:com.crm.SDET.product.ProductGenTest@a38c7fe]" started-at="2022-08-11T15:57:00 IST" name="BT" finished-at="2022-08-11T15:57:00 IST" duration-ms="0" status="PASS">
          <reporter-output>
          </reporter-output>
        </test-method> <!-- BT -->
        <test-method is-config="true" signature="BC()[pri:0, instance:com.crm.SDET.product.ProductGenTest@a38c7fe]" started-at="2022-08-11T15:57:00 IST" name="BC" finished-at="2022-08-11T15:57:12 IST" duration-ms="12849" status="FAIL">
          <exception class="org.openqa.selenium.SessionNotCreatedException">
            <message>
              <![CDATA[session not created
from disconnected: received Inspector.detached event
  (Session info: chrome=104.0.5112.81)
Build info: version: '3.141.59', revision: 'e82be7d358', time: '2018-11-14T08:17:03'
System info: host: 'LAPTOP-1O88FB98', ip: '192.168.137.1', os.name: 'Windows 10', os.arch: 'amd64', os.version: '10.0', java.version: '16.0.1'
Driver info: driver.version: ChromeDriver
remote stacktrace: Backtrace:
Ordinal0 [0x00A078B3+2193587]
Ordinal0 [0x009A0681+1771137]
Ordinal0 [0x008B41A8+803240]
Ordinal0 [0x008A7E1E+753182]
Ordinal0 [0x008A7A0F+752143]
Ordinal0 [0x008A6FAF+749487]
Ordinal0 [0x008A5E94+745108]
Ordinal0 [0x008A636D+746349]
Ordinal0 [0x008A5AA5+744101]
Ordinal0 [0x008AFD53+785747]
Ordinal0 [0x008A5A55+744021]
Ordinal0 [0x008A6B58+748376]
Ordinal0 [0x008A5E94+745108]
Ordinal0 [0x008A636D+746349]
Ordinal0 [0x008A5AA5+744101]
Ordinal0 [0x008ADA58+776792]
Ordinal0 [0x008A5A55+744021]
Ordinal0 [0x008A6B58+748376]
Ordinal0 [0x008A5E94+745108]
Ordinal0 [0x008A636D+746349]
Ordinal0 [0x008A5AA5+744101]
Ordinal0 [0x008AB452+767058]
Ordinal0 [0x008A5A55+744021]
Ordinal0 [0x008A6B58+748376]
Ordinal0 [0x008A5E94+745108]
Ordinal0 [0x008A636D+746349]
Ordinal0 [0x008A5AA5+744101]
Ordinal0 [0x008A148D+726157]
Ordinal0 [0x008A5A55+744021]
Ordinal0 [0x008A57E0+743392]
Ordinal0 [0x008A5529+742697]
Ordinal0 [0x008B5500+808192]
Ordinal0 [0x00903449+1127497]
Ordinal0 [0x0090200A+1122314]
Ordinal0 [0x008FD5C6+1103302]
Ordinal0 [0x008D77E0+948192]
Ordinal0 [0x008D86E6+952038]
GetHandleVerifier [0x00CB0CB2+2738370]
GetHandleVerifier [0x00CA21B8+2678216]
GetHandleVerifier [0x00A917AA+512954]
GetHandleVerifier [0x00A90856+509030]
Ordinal0 [0x009A743B+1799227]
Ordinal0 [0x009ABB68+1817448]
Ordinal0 [0x009ABC55+1817685]
Ordinal0 [0x009B5230+1856048]
BaseThreadInitThunk [0x76316739+25]
RtlGetFullPathName_UEx [0x77AC8FEF+1215]
RtlGetFullPathName_UEx [0x77AC8FBD+1165]
]]>
            </message>
            <full-stacktrace>
              <![CDATA[org.openqa.selenium.SessionNotCreatedException: session not created
from disconnected: received Inspector.detached event
  (Session info: chrome=104.0.5112.81)
Build info: version: '3.141.59', revision: 'e82be7d358', time: '2018-11-14T08:17:03'
System info: host: 'LAPTOP-1O88FB98', ip: '192.168.137.1', os.name: 'Windows 10', os.arch: 'amd64', os.version: '10.0', java.version: '16.0.1'
Driver info: driver.version: ChromeDriver
remote stacktrace: Backtrace:
Ordinal0 [0x00A078B3+2193587]
Ordinal0 [0x009A0681+1771137]
Ordinal0 [0x008B41A8+803240]
Ordinal0 [0x008A7E1E+753182]
Ordinal0 [0x008A7A0F+752143]
Ordinal0 [0x008A6FAF+749487]
Ordinal0 [0x008A5E94+745108]
Ordinal0 [0x008A636D+746349]
Ordinal0 [0x008A5AA5+744101]
Ordinal0 [0x008AFD53+785747]
Ordinal0 [0x008A5A55+744021]
Ordinal0 [0x008A6B58+748376]
Ordinal0 [0x008A5E94+745108]
Ordinal0 [0x008A636D+746349]
Ordinal0 [0x008A5AA5+744101]
Ordinal0 [0x008ADA58+776792]
Ordinal0 [0x008A5A55+744021]
Ordinal0 [0x008A6B58+748376]
Ordinal0 [0x008A5E94+745108]
Ordinal0 [0x008A636D+746349]
Ordinal0 [0x008A5AA5+744101]
Ordinal0 [0x008AB452+767058]
Ordinal0 [0x008A5A55+744021]
Ordinal0 [0x008A6B58+748376]
Ordinal0 [0x008A5E94+745108]
Ordinal0 [0x008A636D+746349]
Ordinal0 [0x008A5AA5+744101]
Ordinal0 [0x008A148D+726157]
Ordinal0 [0x008A5A55+744021]
Ordinal0 [0x008A57E0+743392]
Ordinal0 [0x008A5529+742697]
Ordinal0 [0x008B5500+808192]
Ordinal0 [0x00903449+1127497]
Ordinal0 [0x0090200A+1122314]
Ordinal0 [0x008FD5C6+1103302]
Ordinal0 [0x008D77E0+948192]
Ordinal0 [0x008D86E6+952038]
GetHandleVerifier [0x00CB0CB2+2738370]
GetHandleVerifier [0x00CA21B8+2678216]
GetHandleVerifier [0x00A917AA+512954]
GetHandleVerifier [0x00A90856+509030]
Ordinal0 [0x009A743B+1799227]
Ordinal0 [0x009ABB68+1817448]
Ordinal0 [0x009ABC55+1817685]
Ordinal0 [0x009B5230+1856048]
BaseThreadInitThunk [0x76316739+25]
RtlGetFullPathName_UEx [0x77AC8FEF+1215]
RtlGetFullPathName_UEx [0x77AC8FBD+1165]

at java.base/jdk.internal.reflect.NativeConstructorAccessorImpl.newInstance0(Native Method)
at java.base/jdk.internal.reflect.NativeConstructorAccessorImpl.newInstance(NativeConstructorAccessorImpl.java:78)
at java.base/jdk.internal.reflect.DelegatingConstructorAccessorImpl.newInstance(DelegatingConstructorAccessorImpl.java:45)
at java.base/java.lang.reflect.Constructor.newInstanceWithCaller(Constructor.java:499)
at java.base/java.lang.reflect.Constructor.newInstance(Constructor.java:480)
at org.openqa.selenium.remote.W3CHandshakeResponse.lambda$errorHandler$0(W3CHandshakeResponse.java:62)
at org.openqa.selenium.remote.HandshakeResponse.lambda$getResponseFunction$0(HandshakeResponse.java:30)
at org.openqa.selenium.remote.ProtocolHandshake.lambda$createSession$0(ProtocolHandshake.java:126)
at java.base/java.util.stream.ReferencePipeline$3$1.accept(ReferencePipeline.java:197)
at java.base/java.util.Spliterators$ArraySpliterator.tryAdvance(Spliterators.java:958)
at java.base/java.util.stream.ReferencePipeline.forEachWithCancel(ReferencePipeline.java:129)
at java.base/java.util.stream.AbstractPipeline.copyIntoWithCancel(AbstractPipeline.java:502)
at java.base/java.util.stream.AbstractPipeline.copyInto(AbstractPipeline.java:488)
at java.base/java.util.stream.AbstractPipeline.wrapAndCopyInto(AbstractPipeline.java:474)
at java.base/java.util.stream.FindOps$FindOp.evaluateSequential(FindOps.java:150)
at java.base/java.util.stream.AbstractPipeline.evaluate(AbstractPipeline.java:234)
at java.base/java.util.stream.ReferencePipeline.findFirst(ReferencePipeline.java:647)
at org.openqa.selenium.remote.ProtocolHandshake.createSession(ProtocolHandshake.java:128)
at org.openqa.selenium.remote.ProtocolHandshake.createSession(ProtocolHandshake.java:74)
at org.openqa.selenium.remote.HttpCommandExecutor.execute(HttpCommandExecutor.java:136)
at org.openqa.selenium.remote.service.DriverCommandExecutor.execute(DriverCommandExecutor.java:83)
at org.openqa.selenium.remote.RemoteWebDriver.execute(RemoteWebDriver.java:552)
at org.openqa.selenium.remote.RemoteWebDriver.startSession(RemoteWebDriver.java:213)
at org.openqa.selenium.remote.RemoteWebDriver.<init>(RemoteWebDriver.java:131)
at org.openqa.selenium.chrome.ChromeDriver.<init>(ChromeDriver.java:181)
at org.openqa.selenium.chrome.ChromeDriver.<init>(ChromeDriver.java:168)
at org.openqa.selenium.chrome.ChromeDriver.<init>(ChromeDriver.java:123)
at comcast.vtiger.genericUtility.BaseClass.BC(BaseClass.java:46)
at java.base/jdk.internal.reflect.NativeMethodAccessorImpl.invoke0(Native Method)
at java.base/jdk.internal.reflect.NativeMethodAccessorImpl.invoke(NativeMethodAccessorImpl.java:78)
at java.base/jdk.internal.reflect.DelegatingMethodAccessorImpl.invoke(DelegatingMethodAccessorImpl.java:43)
at java.base/java.lang.reflect.Method.invoke(Method.java:567)
at org.testng.internal.MethodInvocationHelper.invokeMethod(MethodInvocationHelper.java:133)
at org.testng.internal.MethodInvocationHelper.invokeMethodConsideringTimeout(MethodInvocationHelper.java:62)
at org.testng.internal.ConfigInvoker.invokeConfigurationMethod(ConfigInvoker.java:385)
at org.testng.internal.ConfigInvoker.invokeConfigurations(ConfigInvoker.java:321)
at org.testng.internal.TestMethodWorker.invokeBeforeClassMethods(TestMethodWorker.java:176)
at org.testng.internal.TestMethodWorker.run(TestMethodWorker.java:122)
at java.base/java.util.ArrayList.forEach(ArrayList.java:1511)
at org.testng.TestRunner.privateRun(TestRunner.java:794)
at org.testng.TestRunner.run(TestRunner.java:596)
at org.testng.SuiteRunner.runTest(SuiteRunner.java:377)
at org.testng.SuiteRunner.access$000(SuiteRunner.java:28)
at org.testng.SuiteRunner$SuiteWorker.run(SuiteRunner.java:418)
at org.testng.internal.thread.ThreadUtil.lambda$execute$0(ThreadUtil.java:64)
at java.base/java.util.concurrent.FutureTask.run(FutureTask.java:264)
at java.base/java.util.concurrent.ThreadPoolExecutor.runWorker(ThreadPoolExecutor.java:1130)
at java.base/java.util.concurrent.ThreadPoolExecutor$Worker.run(ThreadPoolExecutor.java:630)
at java.base/java.lang.Thread.run(Thread.java:831)
]]>
            </full-stacktrace>
          </exception> <!-- org.openqa.selenium.SessionNotCreatedException -->
          <reporter-output>
          </reporter-output>
        </test-method> <!-- BC -->
        <test-method is-config="true" signature="BM()[pri:0, instance:com.crm.SDET.product.ProductGenTest@a38c7fe]" started-at="2022-08-11T15:57:12 IST" name="BM" finished-at="1970-01-01T05:30:00 IST" duration-ms="-1660213632994" status="SKIP">
          <reporter-output>
          </reporter-output>
        </test-method> <!-- BM -->
        <test-method signature="createProduct()[pri:0, instance:com.crm.SDET.product.ProductGenTest@a38c7fe]" started-at="2022-08-11T15:57:12 IST" name="createProduct" finished-at="2022-08-11T15:57:12 IST" duration-ms="0" status="SKIP">
          <exception class="org.openqa.selenium.SessionNotCreatedException">
            <message>
              <![CDATA[session not created
from disconnected: received Inspector.detached event
  (Session info: chrome=104.0.5112.81)
Build info: version: '3.141.59', revision: 'e82be7d358', time: '2018-11-14T08:17:03'
System info: host: 'LAPTOP-1O88FB98', ip: '192.168.137.1', os.name: 'Windows 10', os.arch: 'amd64', os.version: '10.0', java.version: '16.0.1'
Driver info: driver.version: ChromeDriver
remote stacktrace: Backtrace:
Ordinal0 [0x00A078B3+2193587]
Ordinal0 [0x009A0681+1771137]
Ordinal0 [0x008B41A8+803240]
Ordinal0 [0x008A7E1E+753182]
Ordinal0 [0x008A7A0F+752143]
Ordinal0 [0x008A6FAF+749487]
Ordinal0 [0x008A5E94+745108]
Ordinal0 [0x008A636D+746349]
Ordinal0 [0x008A5AA5+744101]
Ordinal0 [0x008AFD53+785747]
Ordinal0 [0x008A5A55+744021]
Ordinal0 [0x008A6B58+748376]
Ordinal0 [0x008A5E94+745108]
Ordinal0 [0x008A636D+746349]
Ordinal0 [0x008A5AA5+744101]
Ordinal0 [0x008ADA58+776792]
Ordinal0 [0x008A5A55+744021]
Ordinal0 [0x008A6B58+748376]
Ordinal0 [0x008A5E94+745108]
Ordinal0 [0x008A636D+746349]
Ordinal0 [0x008A5AA5+744101]
Ordinal0 [0x008AB452+767058]
Ordinal0 [0x008A5A55+744021]
Ordinal0 [0x008A6B58+748376]
Ordinal0 [0x008A5E94+745108]
Ordinal0 [0x008A636D+746349]
Ordinal0 [0x008A5AA5+744101]
Ordinal0 [0x008A148D+726157]
Ordinal0 [0x008A5A55+744021]
Ordinal0 [0x008A57E0+743392]
Ordinal0 [0x008A5529+742697]
Ordinal0 [0x008B5500+808192]
Ordinal0 [0x00903449+1127497]
Ordinal0 [0x0090200A+1122314]
Ordinal0 [0x008FD5C6+1103302]
Ordinal0 [0x008D77E0+948192]
Ordinal0 [0x008D86E6+952038]
GetHandleVerifier [0x00CB0CB2+2738370]
GetHandleVerifier [0x00CA21B8+2678216]
GetHandleVerifier [0x00A917AA+512954]
GetHandleVerifier [0x00A90856+509030]
Ordinal0 [0x009A743B+1799227]
Ordinal0 [0x009ABB68+1817448]
Ordinal0 [0x009ABC55+1817685]
Ordinal0 [0x009B5230+1856048]
BaseThreadInitThunk [0x76316739+25]
RtlGetFullPathName_UEx [0x77AC8FEF+1215]
RtlGetFullPathName_UEx [0x77AC8FBD+1165]
]]>
            </message>
            <full-stacktrace>
              <![CDATA[org.openqa.selenium.SessionNotCreatedException: session not created
from disconnected: received Inspector.detached event
  (Session info: chrome=104.0.5112.81)
Build info: version: '3.141.59', revision: 'e82be7d358', time: '2018-11-14T08:17:03'
System info: host: 'LAPTOP-1O88FB98', ip: '192.168.137.1', os.name: 'Windows 10', os.arch: 'amd64', os.version: '10.0', java.version: '16.0.1'
Driver info: driver.version: ChromeDriver
remote stacktrace: Backtrace:
Ordinal0 [0x00A078B3+2193587]
Ordinal0 [0x009A0681+1771137]
Ordinal0 [0x008B41A8+803240]
Ordinal0 [0x008A7E1E+753182]
Ordinal0 [0x008A7A0F+752143]
Ordinal0 [0x008A6FAF+749487]
Ordinal0 [0x008A5E94+745108]
Ordinal0 [0x008A636D+746349]
Ordinal0 [0x008A5AA5+744101]
Ordinal0 [0x008AFD53+785747]
Ordinal0 [0x008A5A55+744021]
Ordinal0 [0x008A6B58+748376]
Ordinal0 [0x008A5E94+745108]
Ordinal0 [0x008A636D+746349]
Ordinal0 [0x008A5AA5+744101]
Ordinal0 [0x008ADA58+776792]
Ordinal0 [0x008A5A55+744021]
Ordinal0 [0x008A6B58+748376]
Ordinal0 [0x008A5E94+745108]
Ordinal0 [0x008A636D+746349]
Ordinal0 [0x008A5AA5+744101]
Ordinal0 [0x008AB452+767058]
Ordinal0 [0x008A5A55+744021]
Ordinal0 [0x008A6B58+748376]
Ordinal0 [0x008A5E94+745108]
Ordinal0 [0x008A636D+746349]
Ordinal0 [0x008A5AA5+744101]
Ordinal0 [0x008A148D+726157]
Ordinal0 [0x008A5A55+744021]
Ordinal0 [0x008A57E0+743392]
Ordinal0 [0x008A5529+742697]
Ordinal0 [0x008B5500+808192]
Ordinal0 [0x00903449+1127497]
Ordinal0 [0x0090200A+1122314]
Ordinal0 [0x008FD5C6+1103302]
Ordinal0 [0x008D77E0+948192]
Ordinal0 [0x008D86E6+952038]
GetHandleVerifier [0x00CB0CB2+2738370]
GetHandleVerifier [0x00CA21B8+2678216]
GetHandleVerifier [0x00A917AA+512954]
GetHandleVerifier [0x00A90856+509030]
Ordinal0 [0x009A743B+1799227]
Ordinal0 [0x009ABB68+1817448]
Ordinal0 [0x009ABC55+1817685]
Ordinal0 [0x009B5230+1856048]
BaseThreadInitThunk [0x76316739+25]
RtlGetFullPathName_UEx [0x77AC8FEF+1215]
RtlGetFullPathName_UEx [0x77AC8FBD+1165]

at java.base/jdk.internal.reflect.NativeConstructorAccessorImpl.newInstance0(Native Method)
at java.base/jdk.internal.reflect.NativeConstructorAccessorImpl.newInstance(NativeConstructorAccessorImpl.java:78)
at java.base/jdk.internal.reflect.DelegatingConstructorAccessorImpl.newInstance(DelegatingConstructorAccessorImpl.java:45)
at java.base/java.lang.reflect.Constructor.newInstanceWithCaller(Constructor.java:499)
at java.base/java.lang.reflect.Constructor.newInstance(Constructor.java:480)
at org.openqa.selenium.remote.W3CHandshakeResponse.lambda$errorHandler$0(W3CHandshakeResponse.java:62)
at org.openqa.selenium.remote.HandshakeResponse.lambda$getResponseFunction$0(HandshakeResponse.java:30)
at org.openqa.selenium.remote.ProtocolHandshake.lambda$createSession$0(ProtocolHandshake.java:126)
at java.base/java.util.stream.ReferencePipeline$3$1.accept(ReferencePipeline.java:197)
at java.base/java.util.Spliterators$ArraySpliterator.tryAdvance(Spliterators.java:958)
at java.base/java.util.stream.ReferencePipeline.forEachWithCancel(ReferencePipeline.java:129)
at java.base/java.util.stream.AbstractPipeline.copyIntoWithCancel(AbstractPipeline.java:502)
at java.base/java.util.stream.AbstractPipeline.copyInto(AbstractPipeline.java:488)
at java.base/java.util.stream.AbstractPipeline.wrapAndCopyInto(AbstractPipeline.java:474)
at java.base/java.util.stream.FindOps$FindOp.evaluateSequential(FindOps.java:150)
at java.base/java.util.stream.AbstractPipeline.evaluate(AbstractPipeline.java:234)
at java.base/java.util.stream.ReferencePipeline.findFirst(ReferencePipeline.java:647)
at org.openqa.selenium.remote.ProtocolHandshake.createSession(ProtocolHandshake.java:128)
at org.openqa.selenium.remote.ProtocolHandshake.createSession(ProtocolHandshake.java:74)
at org.openqa.selenium.remote.HttpCommandExecutor.execute(HttpCommandExecutor.java:136)
at org.openqa.selenium.remote.service.DriverCommandExecutor.execute(DriverCommandExecutor.java:83)
at org.openqa.selenium.remote.RemoteWebDriver.execute(RemoteWebDriver.java:552)
at org.openqa.selenium.remote.RemoteWebDriver.startSession(RemoteWebDriver.java:213)
at org.openqa.selenium.remote.RemoteWebDriver.<init>(RemoteWebDriver.java:131)
at org.openqa.selenium.chrome.ChromeDriver.<init>(ChromeDriver.java:181)
at org.openqa.selenium.chrome.ChromeDriver.<init>(ChromeDriver.java:168)
at org.openqa.selenium.chrome.ChromeDriver.<init>(ChromeDriver.java:123)
at comcast.vtiger.genericUtility.BaseClass.BC(BaseClass.java:46)
at java.base/jdk.internal.reflect.NativeMethodAccessorImpl.invoke0(Native Method)
at java.base/jdk.internal.reflect.NativeMethodAccessorImpl.invoke(NativeMethodAccessorImpl.java:78)
at java.base/jdk.internal.reflect.DelegatingMethodAccessorImpl.invoke(DelegatingMethodAccessorImpl.java:43)
at java.base/java.lang.reflect.Method.invoke(Method.java:567)
at org.testng.internal.MethodInvocationHelper.invokeMethod(MethodInvocationHelper.java:133)
at org.testng.internal.MethodInvocationHelper.invokeMethodConsideringTimeout(MethodInvocationHelper.java:62)
at org.testng.internal.ConfigInvoker.invokeConfigurationMethod(ConfigInvoker.java:385)
at org.testng.internal.ConfigInvoker.invokeConfigurations(ConfigInvoker.java:321)
at org.testng.internal.TestMethodWorker.invokeBeforeClassMethods(TestMethodWorker.java:176)
at org.testng.internal.TestMethodWorker.run(TestMethodWorker.java:122)
at java.base/java.util.ArrayList.forEach(ArrayList.java:1511)
at org.testng.TestRunner.privateRun(TestRunner.java:794)
at org.testng.TestRunner.run(TestRunner.java:596)
at org.testng.SuiteRunner.runTest(SuiteRunner.java:377)
at org.testng.SuiteRunner.access$000(SuiteRunner.java:28)
at org.testng.SuiteRunner$SuiteWorker.run(SuiteRunner.java:418)
at org.testng.internal.thread.ThreadUtil.lambda$execute$0(ThreadUtil.java:64)
at java.base/java.util.concurrent.FutureTask.run(FutureTask.java:264)
at java.base/java.util.concurrent.ThreadPoolExecutor.runWorker(ThreadPoolExecutor.java:1130)
at java.base/java.util.concurrent.ThreadPoolExecutor$Worker.run(ThreadPoolExecutor.java:630)
at java.base/java.lang.Thread.run(Thread.java:831)
]]>
            </full-stacktrace>
          </exception> <!-- org.openqa.selenium.SessionNotCreatedException -->
          <reporter-output>
          </reporter-output>
        </test-method> <!-- createProduct -->
        <test-method is-config="true" signature="AM()[pri:0, instance:com.crm.SDET.product.ProductGenTest@a38c7fe]" started-at="2022-08-11T15:57:13 IST" name="AM" finished-at="1970-01-01T05:30:00 IST" duration-ms="-1660213633001" status="SKIP">
          <reporter-output>
          </reporter-output>
        </test-method> <!-- AM -->
        <test-method is-config="true" signature="AC()[pri:0, instance:com.crm.SDET.product.ProductGenTest@a38c7fe]" started-at="2022-08-11T15:57:13 IST" name="AC" finished-at="1970-01-01T05:30:00 IST" duration-ms="-1660213633004" status="SKIP">
          <reporter-output>
          </reporter-output>
        </test-method> <!-- AC -->
        <test-method is-config="true" signature="AT()[pri:0, instance:com.crm.SDET.product.ProductGenTest@a38c7fe]" started-at="2022-08-11T15:57:13 IST" name="AT" finished-at="2022-08-11T15:57:13 IST" duration-ms="1" status="PASS">
          <reporter-output>
          </reporter-output>
        </test-method> <!-- AT -->
      </class> <!-- com.crm.SDET.product.ProductGenTest -->
    </test> <!-- Test4 -->
  </suite> <!-- Suite -->
</testng-results>
